running develop
Removing /home/future/ros2_turtlecv/install/turtlecv_pubsub/lib/python3.10/site-packages/turtlecv-pubsub.egg-link (link to .)
running egg_info
writing ../../build/turtlecv_pubsub/turtlecv_pubsub.egg-info/PKG-INFO
writing dependency_links to ../../build/turtlecv_pubsub/turtlecv_pubsub.egg-info/dependency_links.txt
writing entry points to ../../build/turtlecv_pubsub/turtlecv_pubsub.egg-info/entry_points.txt
writing requirements to ../../build/turtlecv_pubsub/turtlecv_pubsub.egg-info/requires.txt
writing top-level names to ../../build/turtlecv_pubsub/turtlecv_pubsub.egg-info/top_level.txt
reading manifest file '../../build/turtlecv_pubsub/turtlecv_pubsub.egg-info/SOURCES.txt'
writing manifest file '../../build/turtlecv_pubsub/turtlecv_pubsub.egg-info/SOURCES.txt'
running build
running build_py
creating /home/future/ros2_turtlecv/build/turtlecv_pubsub/build
creating /home/future/ros2_turtlecv/build/turtlecv_pubsub/build/lib
creating /home/future/ros2_turtlecv/build/turtlecv_pubsub/build/lib/turtlecv_pubsub
copying turtlecv_pubsub/turtlecv.py -> /home/future/ros2_turtlecv/build/turtlecv_pubsub/build/lib/turtlecv_pubsub
copying turtlecv_pubsub/__init__.py -> /home/future/ros2_turtlecv/build/turtlecv_pubsub/build/lib/turtlecv_pubsub
running install
running install_lib
creating /home/future/ros2_turtlecv/install/turtlecv_pubsub/lib/python3.10/site-packages/turtlecv_pubsub
copying /home/future/ros2_turtlecv/build/turtlecv_pubsub/build/lib/turtlecv_pubsub/turtlecv.py -> /home/future/ros2_turtlecv/install/turtlecv_pubsub/lib/python3.10/site-packages/turtlecv_pubsub
copying /home/future/ros2_turtlecv/build/turtlecv_pubsub/build/lib/turtlecv_pubsub/__init__.py -> /home/future/ros2_turtlecv/install/turtlecv_pubsub/lib/python3.10/site-packages/turtlecv_pubsub
byte-compiling /home/future/ros2_turtlecv/install/turtlecv_pubsub/lib/python3.10/site-packages/turtlecv_pubsub/turtlecv.py to turtlecv.cpython-310.pyc
byte-compiling /home/future/ros2_turtlecv/install/turtlecv_pubsub/lib/python3.10/site-packages/turtlecv_pubsub/__init__.py to __init__.cpython-310.pyc
running install_data
copying resource/turtlecv_pubsub -> /home/future/ros2_turtlecv/install/turtlecv_pubsub/share/ament_index/resource_index/packages
copying package.xml -> /home/future/ros2_turtlecv/install/turtlecv_pubsub/share/turtlecv_pubsub
running install_egg_info
Copying ../../build/turtlecv_pubsub/turtlecv_pubsub.egg-info to /home/future/ros2_turtlecv/install/turtlecv_pubsub/lib/python3.10/site-packages/turtlecv_pubsub-0.0.0-py3.10.egg-info
running install_scripts
Installing turtlecv script to /home/future/ros2_turtlecv/install/turtlecv_pubsub/lib/turtlecv_pubsub
writing list of installed files to '/home/future/ros2_turtlecv/build/turtlecv_pubsub/install.log'
