running egg_info
writing ../../build/turtlecv/turtlecv.egg-info/PKG-INFO
writing dependency_links to ../../build/turtlecv/turtlecv.egg-info/dependency_links.txt
writing entry points to ../../build/turtlecv/turtlecv.egg-info/entry_points.txt
writing requirements to ../../build/turtlecv/turtlecv.egg-info/requires.txt
writing top-level names to ../../build/turtlecv/turtlecv.egg-info/top_level.txt
reading manifest file '../../build/turtlecv/turtlecv.egg-info/SOURCES.txt'
writing manifest file '../../build/turtlecv/turtlecv.egg-info/SOURCES.txt'
running build
running build_py
running install
running install_lib
running install_data
running install_egg_info
removing '/home/future/ros2_turtlecv/install/turtlecv/lib/python3.10/site-packages/turtlecv-0.0.0-py3.10.egg-info' (and everything under it)
Copying ../../build/turtlecv/turtlecv.egg-info to /home/future/ros2_turtlecv/install/turtlecv/lib/python3.10/site-packages/turtlecv-0.0.0-py3.10.egg-info
running install_scripts
Installing opencv script to /home/future/ros2_turtlecv/install/turtlecv/lib/turtlecv
Installing pink_detector script to /home/future/ros2_turtlecv/install/turtlecv/lib/turtlecv
Installing turtlecv script to /home/future/ros2_turtlecv/install/turtlecv/lib/turtlecv
writing list of installed files to '/home/future/ros2_turtlecv/build/turtlecv/install.log'
