[1.408s] Invoking command in '/home/future/ros2_turtlecv/src/turtlecv': PYTHONPATH=/home/future/ros2_turtlecv/build/turtlecv/prefix_override:/usr/lib/python3/dist-packages/colcon_core/task/python/colcon_distutils_commands:/home/future/ros2_turtlecv/install/turtlecv/lib/python3.10/site-packages:${PYTHONPATH} /usr/bin/python3 -W ignore:setup.py install is deprecated -W ignore:easy_install command is deprecated setup.py egg_info --egg-base ../../build/turtlecv build --build-base /home/future/ros2_turtlecv/build/turtlecv/build install --record /home/future/ros2_turtlecv/build/turtlecv/install.log --single-version-externally-managed install_data
[1.818s] running egg_info
[1.819s] writing ../../build/turtlecv/turtlecv.egg-info/PKG-INFO
[1.821s] writing dependency_links to ../../build/turtlecv/turtlecv.egg-info/dependency_links.txt
[1.822s] writing entry points to ../../build/turtlecv/turtlecv.egg-info/entry_points.txt
[1.823s] writing requirements to ../../build/turtlecv/turtlecv.egg-info/requires.txt
[1.825s] writing top-level names to ../../build/turtlecv/turtlecv.egg-info/top_level.txt
[1.829s] reading manifest file '../../build/turtlecv/turtlecv.egg-info/SOURCES.txt'
[1.831s] writing manifest file '../../build/turtlecv/turtlecv.egg-info/SOURCES.txt'
[1.832s] running build
[1.833s] running build_py
[1.836s] running install
[1.837s] running install_lib
[1.837s] running install_data
[1.837s] running install_egg_info
[1.840s] removing '/home/future/ros2_turtlecv/install/turtlecv/lib/python3.10/site-packages/turtlecv-0.0.0-py3.10.egg-info' (and everything under it)
[1.841s] Copying ../../build/turtlecv/turtlecv.egg-info to /home/future/ros2_turtlecv/install/turtlecv/lib/python3.10/site-packages/turtlecv-0.0.0-py3.10.egg-info
[1.842s] running install_scripts
[1.881s] Installing opencv script to /home/future/ros2_turtlecv/install/turtlecv/lib/turtlecv
[1.883s] Installing pink_detector script to /home/future/ros2_turtlecv/install/turtlecv/lib/turtlecv
[1.884s] Installing turtlecv script to /home/future/ros2_turtlecv/install/turtlecv/lib/turtlecv
[1.885s] writing list of installed files to '/home/future/ros2_turtlecv/build/turtlecv/install.log'
[1.945s] Invoked command in '/home/future/ros2_turtlecv/src/turtlecv' returned '0': PYTHONPATH=/home/future/ros2_turtlecv/build/turtlecv/prefix_override:/usr/lib/python3/dist-packages/colcon_core/task/python/colcon_distutils_commands:/home/future/ros2_turtlecv/install/turtlecv/lib/python3.10/site-packages:${PYTHONPATH} /usr/bin/python3 -W ignore:setup.py install is deprecated -W ignore:easy_install command is deprecated setup.py egg_info --egg-base ../../build/turtlecv build --build-base /home/future/ros2_turtlecv/build/turtlecv/build install --record /home/future/ros2_turtlecv/build/turtlecv/install.log --single-version-externally-managed install_data
