[1.391s] Invoking command in '/home/future/ros2_turtlecv/src/turtlecv_pubsub': PYTHONPATH=/home/future/ros2_turtlecv/build/turtlecv_pubsub/prefix_override:/usr/lib/python3/dist-packages/colcon_core/task/python/colcon_distutils_commands:/home/future/ros2_turtlecv/install/turtlecv_pubsub/lib/python3.10/site-packages:${PYTHONPATH} /usr/bin/python3 -W ignore:setup.py install is deprecated -W ignore:easy_install command is deprecated setup.py egg_info --egg-base ../../build/turtlecv_pubsub build --build-base /home/future/ros2_turtlecv/build/turtlecv_pubsub/build install --record /home/future/ros2_turtlecv/build/turtlecv_pubsub/install.log --single-version-externally-managed install_data
[1.805s] running egg_info
[1.805s] writing ../../build/turtlecv_pubsub/turtlecv_pubsub.egg-info/PKG-INFO
[1.807s] writing dependency_links to ../../build/turtlecv_pubsub/turtlecv_pubsub.egg-info/dependency_links.txt
[1.807s] writing entry points to ../../build/turtlecv_pubsub/turtlecv_pubsub.egg-info/entry_points.txt
[1.807s] writing requirements to ../../build/turtlecv_pubsub/turtlecv_pubsub.egg-info/requires.txt
[1.808s] writing top-level names to ../../build/turtlecv_pubsub/turtlecv_pubsub.egg-info/top_level.txt
[1.809s] reading manifest file '../../build/turtlecv_pubsub/turtlecv_pubsub.egg-info/SOURCES.txt'
[1.813s] writing manifest file '../../build/turtlecv_pubsub/turtlecv_pubsub.egg-info/SOURCES.txt'
[1.813s] running build
[1.813s] running build_py
[1.814s] running install
[1.816s] running install_lib
[1.817s] running install_data
[1.817s] running install_egg_info
[1.818s] removing '/home/future/ros2_turtlecv/install/turtlecv_pubsub/lib/python3.10/site-packages/turtlecv_pubsub-0.0.0-py3.10.egg-info' (and everything under it)
[1.818s] Copying ../../build/turtlecv_pubsub/turtlecv_pubsub.egg-info to /home/future/ros2_turtlecv/install/turtlecv_pubsub/lib/python3.10/site-packages/turtlecv_pubsub-0.0.0-py3.10.egg-info
[1.820s] running install_scripts
[1.859s] Installing turtlecv script to /home/future/ros2_turtlecv/install/turtlecv_pubsub/lib/turtlecv_pubsub
[1.861s] writing list of installed files to '/home/future/ros2_turtlecv/build/turtlecv_pubsub/install.log'
[1.896s] Invoked command in '/home/future/ros2_turtlecv/src/turtlecv_pubsub' returned '0': PYTHONPATH=/home/future/ros2_turtlecv/build/turtlecv_pubsub/prefix_override:/usr/lib/python3/dist-packages/colcon_core/task/python/colcon_distutils_commands:/home/future/ros2_turtlecv/install/turtlecv_pubsub/lib/python3.10/site-packages:${PYTHONPATH} /usr/bin/python3 -W ignore:setup.py install is deprecated -W ignore:easy_install command is deprecated setup.py egg_info --egg-base ../../build/turtlecv_pubsub build --build-base /home/future/ros2_turtlecv/build/turtlecv_pubsub/build install --record /home/future/ros2_turtlecv/build/turtlecv_pubsub/install.log --single-version-externally-managed install_data
