[0.146s] DEBUG:colcon:Command line arguments: ['/usr/bin/colcon', 'build']
[0.147s] DEBUG:colcon:Parsed command line arguments: Namespace(log_base=None, log_level=None, verb_name='build', build_base='build', install_base='install', merge_install=False, symlink_install=False, test_result_base=None, continue_on_error=False, executor='parallel', parallel_workers=8, event_handlers=None, ignore_user_meta=False, metas=['./colcon.meta'], base_paths=['.'], packages_ignore=None, packages_ignore_regex=None, paths=None, packages_up_to=None, packages_up_to_regex=None, packages_above=None, packages_above_and_dependencies=None, packages_above_depth=None, packages_select_by_dep=None, packages_skip_by_dep=None, packages_skip_up_to=None, packages_select_build_failed=False, packages_skip_build_finished=False, packages_select_test_failures=False, packages_skip_test_passed=False, packages_select=None, packages_skip=None, packages_select_regex=None, packages_skip_regex=None, packages_start=None, packages_end=None, allow_overriding=[], cmake_args=None, cmake_target=None, cmake_target_skip_unavailable=False, cmake_clean_cache=False, cmake_clean_first=False, cmake_force_configure=False, ament_cmake_args=None, catkin_cmake_args=None, catkin_skip_building_tests=False, mixin_files=None, mixin=None, verb_parser=<colcon_mixin.mixin.mixin_argument.MixinArgumentDecorator object at 0x790fc734efe0>, verb_extension=<colcon_core.verb.build.BuildVerb object at 0x790fc7308880>, main=<bound method BuildVerb.main of <colcon_core.verb.build.BuildVerb object at 0x790fc7308880>>, mixin_verb=('build',))
[0.378s] Level 1:colcon.colcon_core.package_discovery:discover_packages(colcon_meta) check parameters
[0.378s] Level 1:colcon.colcon_core.package_discovery:discover_packages(recursive) check parameters
[0.378s] Level 1:colcon.colcon_core.package_discovery:discover_packages(ignore) check parameters
[0.378s] Level 1:colcon.colcon_core.package_discovery:discover_packages(path) check parameters
[0.378s] Level 1:colcon.colcon_core.package_discovery:discover_packages(colcon_meta) discover
[0.378s] Level 1:colcon.colcon_core.package_discovery:discover_packages(recursive) discover
[0.378s] INFO:colcon.colcon_core.package_discovery:Crawling recursively for packages in '/home/future/ros2_turtlecv'
[0.379s] Level 1:colcon.colcon_core.package_identification:_identify(.) by extensions ['ignore', 'ignore_ament_install']
[0.379s] Level 1:colcon.colcon_core.package_identification:_identify(.) by extension 'ignore'
[0.379s] Level 1:colcon.colcon_core.package_identification:_identify(.) by extension 'ignore_ament_install'
[0.379s] Level 1:colcon.colcon_core.package_identification:_identify(.) by extensions ['colcon_pkg']
[0.379s] Level 1:colcon.colcon_core.package_identification:_identify(.) by extension 'colcon_pkg'
[0.379s] Level 1:colcon.colcon_core.package_identification:_identify(.) by extensions ['colcon_meta']
[0.379s] Level 1:colcon.colcon_core.package_identification:_identify(.) by extension 'colcon_meta'
[0.379s] Level 1:colcon.colcon_core.package_identification:_identify(.) by extensions ['ros']
[0.379s] Level 1:colcon.colcon_core.package_identification:_identify(.) by extension 'ros'
[0.393s] Level 1:colcon.colcon_core.package_identification:_identify(.) by extensions ['cmake', 'python']
[0.393s] Level 1:colcon.colcon_core.package_identification:_identify(.) by extension 'cmake'
[0.393s] Level 1:colcon.colcon_core.package_identification:_identify(.) by extension 'python'
[0.393s] Level 1:colcon.colcon_core.package_identification:_identify(.) by extensions ['python_setup_py']
[0.393s] Level 1:colcon.colcon_core.package_identification:_identify(.) by extension 'python_setup_py'
[0.394s] Level 1:colcon.colcon_core.package_identification:_identify(build) by extensions ['ignore', 'ignore_ament_install']
[0.394s] Level 1:colcon.colcon_core.package_identification:_identify(build) by extension 'ignore'
[0.394s] Level 1:colcon.colcon_core.package_identification:_identify(build) ignored
[0.394s] Level 1:colcon.colcon_core.package_identification:_identify(install) by extensions ['ignore', 'ignore_ament_install']
[0.394s] Level 1:colcon.colcon_core.package_identification:_identify(install) by extension 'ignore'
[0.394s] Level 1:colcon.colcon_core.package_identification:_identify(install) ignored
[0.394s] Level 1:colcon.colcon_core.package_identification:_identify(log) by extensions ['ignore', 'ignore_ament_install']
[0.395s] Level 1:colcon.colcon_core.package_identification:_identify(log) by extension 'ignore'
[0.395s] Level 1:colcon.colcon_core.package_identification:_identify(log) ignored
[0.395s] Level 1:colcon.colcon_core.package_identification:_identify(src) by extensions ['ignore', 'ignore_ament_install']
[0.395s] Level 1:colcon.colcon_core.package_identification:_identify(src) by extension 'ignore'
[0.395s] Level 1:colcon.colcon_core.package_identification:_identify(src) by extension 'ignore_ament_install'
[0.395s] Level 1:colcon.colcon_core.package_identification:_identify(src) by extensions ['colcon_pkg']
[0.395s] Level 1:colcon.colcon_core.package_identification:_identify(src) by extension 'colcon_pkg'
[0.395s] Level 1:colcon.colcon_core.package_identification:_identify(src) by extensions ['colcon_meta']
[0.395s] Level 1:colcon.colcon_core.package_identification:_identify(src) by extension 'colcon_meta'
[0.395s] Level 1:colcon.colcon_core.package_identification:_identify(src) by extensions ['ros']
[0.395s] Level 1:colcon.colcon_core.package_identification:_identify(src) by extension 'ros'
[0.395s] Level 1:colcon.colcon_core.package_identification:_identify(src) by extensions ['cmake', 'python']
[0.395s] Level 1:colcon.colcon_core.package_identification:_identify(src) by extension 'cmake'
[0.396s] Level 1:colcon.colcon_core.package_identification:_identify(src) by extension 'python'
[0.396s] Level 1:colcon.colcon_core.package_identification:_identify(src) by extensions ['python_setup_py']
[0.396s] Level 1:colcon.colcon_core.package_identification:_identify(src) by extension 'python_setup_py'
[0.396s] Level 1:colcon.colcon_core.package_identification:_identify(src/turtlecv) by extensions ['ignore', 'ignore_ament_install']
[0.396s] Level 1:colcon.colcon_core.package_identification:_identify(src/turtlecv) by extension 'ignore'
[0.396s] Level 1:colcon.colcon_core.package_identification:_identify(src/turtlecv) by extension 'ignore_ament_install'
[0.396s] Level 1:colcon.colcon_core.package_identification:_identify(src/turtlecv) by extensions ['colcon_pkg']
[0.396s] Level 1:colcon.colcon_core.package_identification:_identify(src/turtlecv) by extension 'colcon_pkg'
[0.396s] Level 1:colcon.colcon_core.package_identification:_identify(src/turtlecv) by extensions ['colcon_meta']
[0.396s] Level 1:colcon.colcon_core.package_identification:_identify(src/turtlecv) by extension 'colcon_meta'
[0.396s] Level 1:colcon.colcon_core.package_identification:_identify(src/turtlecv) by extensions ['ros']
[0.396s] Level 1:colcon.colcon_core.package_identification:_identify(src/turtlecv) by extension 'ros'
[0.399s] DEBUG:colcon.colcon_core.package_identification:Package 'src/turtlecv' with type 'ros.ament_python' and name 'turtlecv'
[0.400s] Level 1:colcon.colcon_core.package_identification:_identify(src/turtlecv_pubsub) by extensions ['ignore', 'ignore_ament_install']
[0.400s] Level 1:colcon.colcon_core.package_identification:_identify(src/turtlecv_pubsub) by extension 'ignore'
[0.400s] Level 1:colcon.colcon_core.package_identification:_identify(src/turtlecv_pubsub) by extension 'ignore_ament_install'
[0.400s] Level 1:colcon.colcon_core.package_identification:_identify(src/turtlecv_pubsub) by extensions ['colcon_pkg']
[0.400s] Level 1:colcon.colcon_core.package_identification:_identify(src/turtlecv_pubsub) by extension 'colcon_pkg'
[0.400s] Level 1:colcon.colcon_core.package_identification:_identify(src/turtlecv_pubsub) by extensions ['colcon_meta']
[0.400s] Level 1:colcon.colcon_core.package_identification:_identify(src/turtlecv_pubsub) by extension 'colcon_meta'
[0.400s] Level 1:colcon.colcon_core.package_identification:_identify(src/turtlecv_pubsub) by extensions ['ros']
[0.400s] Level 1:colcon.colcon_core.package_identification:_identify(src/turtlecv_pubsub) by extension 'ros'
[0.401s] DEBUG:colcon.colcon_core.package_identification:Package 'src/turtlecv_pubsub' with type 'ros.ament_python' and name 'turtlecv_pubsub'
[0.401s] Level 1:colcon.colcon_core.package_discovery:discover_packages(recursive) using defaults
[0.401s] Level 1:colcon.colcon_core.package_discovery:discover_packages(ignore) discover
[0.402s] Level 1:colcon.colcon_core.package_discovery:discover_packages(ignore) using defaults
[0.402s] Level 1:colcon.colcon_core.package_discovery:discover_packages(path) discover
[0.402s] Level 1:colcon.colcon_core.package_discovery:discover_packages(path) using defaults
[0.443s] Level 1:colcon.colcon_core.package_discovery:discover_packages(prefix_path) check parameters
[0.444s] Level 1:colcon.colcon_core.package_discovery:discover_packages(prefix_path) discover
[0.445s] WARNING:colcon.colcon_ros.prefix_path.ament:The path '/opt/ros/rolling' in the environment variable AMENT_PREFIX_PATH doesn't exist
[0.446s] DEBUG:colcon.colcon_installed_package_information.package_discovery:Found 2 installed packages in /home/future/ros2_turtlecv/install
[0.448s] DEBUG:colcon.colcon_installed_package_information.package_discovery:Found 279 installed packages in /opt/ros/humble
[0.450s] Level 1:colcon.colcon_core.package_discovery:discover_packages(prefix_path) using defaults
[0.532s] Level 5:colcon.colcon_core.verb:set package 'turtlecv' build argument 'cmake_args' from command line to 'None'
[0.532s] Level 5:colcon.colcon_core.verb:set package 'turtlecv' build argument 'cmake_target' from command line to 'None'
[0.532s] Level 5:colcon.colcon_core.verb:set package 'turtlecv' build argument 'cmake_target_skip_unavailable' from command line to 'False'
[0.532s] Level 5:colcon.colcon_core.verb:set package 'turtlecv' build argument 'cmake_clean_cache' from command line to 'False'
[0.532s] Level 5:colcon.colcon_core.verb:set package 'turtlecv' build argument 'cmake_clean_first' from command line to 'False'
[0.532s] Level 5:colcon.colcon_core.verb:set package 'turtlecv' build argument 'cmake_force_configure' from command line to 'False'
[0.532s] Level 5:colcon.colcon_core.verb:set package 'turtlecv' build argument 'ament_cmake_args' from command line to 'None'
[0.532s] Level 5:colcon.colcon_core.verb:set package 'turtlecv' build argument 'catkin_cmake_args' from command line to 'None'
[0.532s] Level 5:colcon.colcon_core.verb:set package 'turtlecv' build argument 'catkin_skip_building_tests' from command line to 'False'
[0.532s] DEBUG:colcon.colcon_core.verb:Building package 'turtlecv' with the following arguments: {'ament_cmake_args': None, 'build_base': '/home/future/ros2_turtlecv/build/turtlecv', 'catkin_cmake_args': None, 'catkin_skip_building_tests': False, 'cmake_args': None, 'cmake_clean_cache': False, 'cmake_clean_first': False, 'cmake_force_configure': False, 'cmake_target': None, 'cmake_target_skip_unavailable': False, 'install_base': '/home/future/ros2_turtlecv/install/turtlecv', 'merge_install': False, 'path': '/home/future/ros2_turtlecv/src/turtlecv', 'symlink_install': False, 'test_result_base': None}
[0.533s] Level 5:colcon.colcon_core.verb:set package 'turtlecv_pubsub' build argument 'cmake_args' from command line to 'None'
[0.533s] Level 5:colcon.colcon_core.verb:set package 'turtlecv_pubsub' build argument 'cmake_target' from command line to 'None'
[0.533s] Level 5:colcon.colcon_core.verb:set package 'turtlecv_pubsub' build argument 'cmake_target_skip_unavailable' from command line to 'False'
[0.533s] Level 5:colcon.colcon_core.verb:set package 'turtlecv_pubsub' build argument 'cmake_clean_cache' from command line to 'False'
[0.533s] Level 5:colcon.colcon_core.verb:set package 'turtlecv_pubsub' build argument 'cmake_clean_first' from command line to 'False'
[0.533s] Level 5:colcon.colcon_core.verb:set package 'turtlecv_pubsub' build argument 'cmake_force_configure' from command line to 'False'
[0.533s] Level 5:colcon.colcon_core.verb:set package 'turtlecv_pubsub' build argument 'ament_cmake_args' from command line to 'None'
[0.533s] Level 5:colcon.colcon_core.verb:set package 'turtlecv_pubsub' build argument 'catkin_cmake_args' from command line to 'None'
[0.533s] Level 5:colcon.colcon_core.verb:set package 'turtlecv_pubsub' build argument 'catkin_skip_building_tests' from command line to 'False'
[0.533s] DEBUG:colcon.colcon_core.verb:Building package 'turtlecv_pubsub' with the following arguments: {'ament_cmake_args': None, 'build_base': '/home/future/ros2_turtlecv/build/turtlecv_pubsub', 'catkin_cmake_args': None, 'catkin_skip_building_tests': False, 'cmake_args': None, 'cmake_clean_cache': False, 'cmake_clean_first': False, 'cmake_force_configure': False, 'cmake_target': None, 'cmake_target_skip_unavailable': False, 'install_base': '/home/future/ros2_turtlecv/install/turtlecv_pubsub', 'merge_install': False, 'path': '/home/future/ros2_turtlecv/src/turtlecv_pubsub', 'symlink_install': False, 'test_result_base': None}
[0.533s] INFO:colcon.colcon_core.executor:Executing jobs using 'parallel' executor
[0.539s] DEBUG:colcon.colcon_parallel_executor.executor.parallel:run_until_complete
[0.539s] INFO:colcon.colcon_ros.task.ament_python.build:Building ROS package in '/home/future/ros2_turtlecv/src/turtlecv' with build type 'ament_python'
[0.540s] Level 1:colcon.colcon_core.shell:create_environment_hook('turtlecv', 'ament_prefix_path')
[0.546s] INFO:colcon.colcon_core.plugin_system:Skipping extension 'colcon_core.shell.bat': Not used on non-Windows systems
[0.546s] INFO:colcon.colcon_core.shell:Creating environment hook '/home/future/ros2_turtlecv/install/turtlecv/share/turtlecv/hook/ament_prefix_path.ps1'
[0.548s] INFO:colcon.colcon_core.shell:Creating environment descriptor '/home/future/ros2_turtlecv/install/turtlecv/share/turtlecv/hook/ament_prefix_path.dsv'
[0.550s] INFO:colcon.colcon_core.shell:Creating environment hook '/home/future/ros2_turtlecv/install/turtlecv/share/turtlecv/hook/ament_prefix_path.sh'
[0.555s] INFO:colcon.colcon_core.shell:Skip shell extension 'powershell' for command environment: Not usable outside of PowerShell
[0.556s] DEBUG:colcon.colcon_core.shell:Skip shell extension 'dsv' for command environment
[0.562s] INFO:colcon.colcon_ros.task.ament_python.build:Building ROS package in '/home/future/ros2_turtlecv/src/turtlecv_pubsub' with build type 'ament_python'
[0.562s] Level 1:colcon.colcon_core.shell:create_environment_hook('turtlecv_pubsub', 'ament_prefix_path')
[0.564s] INFO:colcon.colcon_core.shell:Creating environment hook '/home/future/ros2_turtlecv/install/turtlecv_pubsub/share/turtlecv_pubsub/hook/ament_prefix_path.ps1'
[0.565s] INFO:colcon.colcon_core.shell:Creating environment descriptor '/home/future/ros2_turtlecv/install/turtlecv_pubsub/share/turtlecv_pubsub/hook/ament_prefix_path.dsv'
[0.566s] INFO:colcon.colcon_core.shell:Creating environment hook '/home/future/ros2_turtlecv/install/turtlecv_pubsub/share/turtlecv_pubsub/hook/ament_prefix_path.sh'
[0.567s] INFO:colcon.colcon_core.shell:Skip shell extension 'powershell' for command environment: Not usable outside of PowerShell
[0.567s] DEBUG:colcon.colcon_core.shell:Skip shell extension 'dsv' for command environment
[1.035s] INFO:colcon.colcon_core.task.python.build:Building Python package in '/home/future/ros2_turtlecv/src/turtlecv'
[1.035s] INFO:colcon.colcon_core.shell:Skip shell extension 'powershell' for command environment: Not usable outside of PowerShell
[1.035s] DEBUG:colcon.colcon_core.shell:Skip shell extension 'dsv' for command environment
[1.415s] INFO:colcon.colcon_core.task.python.build:Building Python package in '/home/future/ros2_turtlecv/src/turtlecv_pubsub'
[1.415s] INFO:colcon.colcon_core.shell:Skip shell extension 'powershell' for command environment: Not usable outside of PowerShell
[1.415s] DEBUG:colcon.colcon_core.shell:Skip shell extension 'dsv' for command environment
[1.950s] DEBUG:colcon.colcon_core.event_handler.log_command:Invoking command in '/home/future/ros2_turtlecv/src/turtlecv': PYTHONPATH=/home/future/ros2_turtlecv/build/turtlecv/prefix_override:/usr/lib/python3/dist-packages/colcon_core/task/python/colcon_distutils_commands:/home/future/ros2_turtlecv/install/turtlecv/lib/python3.10/site-packages:${PYTHONPATH} /usr/bin/python3 -W ignore:setup.py install is deprecated -W ignore:easy_install command is deprecated setup.py egg_info --egg-base ../../build/turtlecv build --build-base /home/future/ros2_turtlecv/build/turtlecv/build install --record /home/future/ros2_turtlecv/build/turtlecv/install.log --single-version-externally-managed install_data
[1.954s] DEBUG:colcon.colcon_core.event_handler.log_command:Invoking command in '/home/future/ros2_turtlecv/src/turtlecv_pubsub': PYTHONPATH=/home/future/ros2_turtlecv/build/turtlecv_pubsub/prefix_override:/usr/lib/python3/dist-packages/colcon_core/task/python/colcon_distutils_commands:/home/future/ros2_turtlecv/install/turtlecv_pubsub/lib/python3.10/site-packages:${PYTHONPATH} /usr/bin/python3 -W ignore:setup.py install is deprecated -W ignore:easy_install command is deprecated setup.py egg_info --egg-base ../../build/turtlecv_pubsub build --build-base /home/future/ros2_turtlecv/build/turtlecv_pubsub/build install --record /home/future/ros2_turtlecv/build/turtlecv_pubsub/install.log --single-version-externally-managed install_data
[2.458s] DEBUG:colcon.colcon_core.event_handler.log_command:Invoked command in '/home/future/ros2_turtlecv/src/turtlecv_pubsub' returned '0': PYTHONPATH=/home/future/ros2_turtlecv/build/turtlecv_pubsub/prefix_override:/usr/lib/python3/dist-packages/colcon_core/task/python/colcon_distutils_commands:/home/future/ros2_turtlecv/install/turtlecv_pubsub/lib/python3.10/site-packages:${PYTHONPATH} /usr/bin/python3 -W ignore:setup.py install is deprecated -W ignore:easy_install command is deprecated setup.py egg_info --egg-base ../../build/turtlecv_pubsub build --build-base /home/future/ros2_turtlecv/build/turtlecv_pubsub/build install --record /home/future/ros2_turtlecv/build/turtlecv_pubsub/install.log --single-version-externally-managed install_data
[2.466s] Level 1:colcon.colcon_core.environment:checking '/home/future/ros2_turtlecv/install/turtlecv_pubsub' for CMake module files
[2.467s] Level 1:colcon.colcon_core.environment:checking '/home/future/ros2_turtlecv/install/turtlecv_pubsub' for CMake config files
[2.467s] Level 1:colcon.colcon_core.environment:checking '/home/future/ros2_turtlecv/install/turtlecv_pubsub/lib'
[2.468s] Level 1:colcon.colcon_core.environment:checking '/home/future/ros2_turtlecv/install/turtlecv_pubsub/bin'
[2.468s] Level 1:colcon.colcon_core.environment:checking '/home/future/ros2_turtlecv/install/turtlecv_pubsub/lib/pkgconfig/turtlecv_pubsub.pc'
[2.469s] Level 1:colcon.colcon_core.environment:checking '/home/future/ros2_turtlecv/install/turtlecv_pubsub/lib/python3.10/site-packages'
[2.469s] Level 1:colcon.colcon_core.shell:create_environment_hook('turtlecv_pubsub', 'pythonpath')
[2.469s] INFO:colcon.colcon_core.shell:Creating environment hook '/home/future/ros2_turtlecv/install/turtlecv_pubsub/share/turtlecv_pubsub/hook/pythonpath.ps1'
[2.470s] INFO:colcon.colcon_core.shell:Creating environment descriptor '/home/future/ros2_turtlecv/install/turtlecv_pubsub/share/turtlecv_pubsub/hook/pythonpath.dsv'
[2.471s] INFO:colcon.colcon_core.shell:Creating environment hook '/home/future/ros2_turtlecv/install/turtlecv_pubsub/share/turtlecv_pubsub/hook/pythonpath.sh'
[2.472s] Level 1:colcon.colcon_core.environment:checking '/home/future/ros2_turtlecv/install/turtlecv_pubsub/bin'
[2.472s] Level 1:colcon.colcon_core.environment:create_environment_scripts_only(turtlecv_pubsub)
[2.473s] INFO:colcon.colcon_core.shell:Creating package script '/home/future/ros2_turtlecv/install/turtlecv_pubsub/share/turtlecv_pubsub/package.ps1'
[2.474s] INFO:colcon.colcon_core.shell:Creating package descriptor '/home/future/ros2_turtlecv/install/turtlecv_pubsub/share/turtlecv_pubsub/package.dsv'
[2.475s] INFO:colcon.colcon_core.shell:Creating package script '/home/future/ros2_turtlecv/install/turtlecv_pubsub/share/turtlecv_pubsub/package.sh'
[2.477s] INFO:colcon.colcon_core.shell:Creating package script '/home/future/ros2_turtlecv/install/turtlecv_pubsub/share/turtlecv_pubsub/package.bash'
[2.478s] INFO:colcon.colcon_core.shell:Creating package script '/home/future/ros2_turtlecv/install/turtlecv_pubsub/share/turtlecv_pubsub/package.zsh'
[2.480s] Level 1:colcon.colcon_core.environment:create_file_with_runtime_dependencies(/home/future/ros2_turtlecv/install/turtlecv_pubsub/share/colcon-core/packages/turtlecv_pubsub)
[2.484s] Level 1:colcon.colcon_core.environment:checking '/home/future/ros2_turtlecv/install/turtlecv' for CMake module files
[2.486s] Level 1:colcon.colcon_core.environment:checking '/home/future/ros2_turtlecv/install/turtlecv' for CMake config files
[2.487s] DEBUG:colcon.colcon_core.event_handler.log_command:Invoked command in '/home/future/ros2_turtlecv/src/turtlecv' returned '0': PYTHONPATH=/home/future/ros2_turtlecv/build/turtlecv/prefix_override:/usr/lib/python3/dist-packages/colcon_core/task/python/colcon_distutils_commands:/home/future/ros2_turtlecv/install/turtlecv/lib/python3.10/site-packages:${PYTHONPATH} /usr/bin/python3 -W ignore:setup.py install is deprecated -W ignore:easy_install command is deprecated setup.py egg_info --egg-base ../../build/turtlecv build --build-base /home/future/ros2_turtlecv/build/turtlecv/build install --record /home/future/ros2_turtlecv/build/turtlecv/install.log --single-version-externally-managed install_data
[2.487s] Level 1:colcon.colcon_core.environment:checking '/home/future/ros2_turtlecv/install/turtlecv/lib'
[2.488s] Level 1:colcon.colcon_core.environment:checking '/home/future/ros2_turtlecv/install/turtlecv/bin'
[2.488s] Level 1:colcon.colcon_core.environment:checking '/home/future/ros2_turtlecv/install/turtlecv/lib/pkgconfig/turtlecv.pc'
[2.488s] Level 1:colcon.colcon_core.environment:checking '/home/future/ros2_turtlecv/install/turtlecv/lib/python3.10/site-packages'
[2.488s] Level 1:colcon.colcon_core.shell:create_environment_hook('turtlecv', 'pythonpath')
[2.489s] INFO:colcon.colcon_core.shell:Creating environment hook '/home/future/ros2_turtlecv/install/turtlecv/share/turtlecv/hook/pythonpath.ps1'
[2.489s] INFO:colcon.colcon_core.shell:Creating environment descriptor '/home/future/ros2_turtlecv/install/turtlecv/share/turtlecv/hook/pythonpath.dsv'
[2.490s] INFO:colcon.colcon_core.shell:Creating environment hook '/home/future/ros2_turtlecv/install/turtlecv/share/turtlecv/hook/pythonpath.sh'
[2.491s] Level 1:colcon.colcon_core.environment:checking '/home/future/ros2_turtlecv/install/turtlecv/bin'
[2.491s] Level 1:colcon.colcon_core.environment:create_environment_scripts_only(turtlecv)
[2.492s] INFO:colcon.colcon_core.shell:Creating package script '/home/future/ros2_turtlecv/install/turtlecv/share/turtlecv/package.ps1'
[2.493s] INFO:colcon.colcon_core.shell:Creating package descriptor '/home/future/ros2_turtlecv/install/turtlecv/share/turtlecv/package.dsv'
[2.494s] INFO:colcon.colcon_core.shell:Creating package script '/home/future/ros2_turtlecv/install/turtlecv/share/turtlecv/package.sh'
[2.495s] INFO:colcon.colcon_core.shell:Creating package script '/home/future/ros2_turtlecv/install/turtlecv/share/turtlecv/package.bash'
[2.495s] INFO:colcon.colcon_core.shell:Creating package script '/home/future/ros2_turtlecv/install/turtlecv/share/turtlecv/package.zsh'
[2.496s] Level 1:colcon.colcon_core.environment:create_file_with_runtime_dependencies(/home/future/ros2_turtlecv/install/turtlecv/share/colcon-core/packages/turtlecv)
[2.497s] DEBUG:colcon.colcon_parallel_executor.executor.parallel:closing loop
[2.498s] DEBUG:colcon.colcon_parallel_executor.executor.parallel:loop closed
[2.498s] DEBUG:colcon.colcon_parallel_executor.executor.parallel:run_until_complete finished with '0'
[2.502s] DEBUG:colcon.colcon_core.event_reactor:joining thread
[2.512s] INFO:colcon.colcon_core.plugin_system:Skipping extension 'colcon_notification.desktop_notification.terminal_notifier': Not used on non-Darwin systems
[2.512s] INFO:colcon.colcon_core.plugin_system:Skipping extension 'colcon_notification.desktop_notification.win32': Not used on non-Windows systems
[2.513s] INFO:colcon.colcon_notification.desktop_notification:Sending desktop notification using 'notify2'
[2.545s] DEBUG:colcon.colcon_core.event_reactor:joined thread
[2.546s] INFO:colcon.colcon_core.shell:Creating prefix script '/home/future/ros2_turtlecv/install/local_setup.ps1'
[2.548s] INFO:colcon.colcon_core.shell:Creating prefix util module '/home/future/ros2_turtlecv/install/_local_setup_util_ps1.py'
[2.551s] INFO:colcon.colcon_core.shell:Creating prefix chain script '/home/future/ros2_turtlecv/install/setup.ps1'
[2.556s] INFO:colcon.colcon_core.shell:Creating prefix script '/home/future/ros2_turtlecv/install/local_setup.sh'
[2.558s] INFO:colcon.colcon_core.shell:Creating prefix util module '/home/future/ros2_turtlecv/install/_local_setup_util_sh.py'
[2.560s] INFO:colcon.colcon_core.shell:Creating prefix chain script '/home/future/ros2_turtlecv/install/setup.sh'
[2.565s] INFO:colcon.colcon_core.shell:Creating prefix script '/home/future/ros2_turtlecv/install/local_setup.bash'
[2.565s] INFO:colcon.colcon_core.shell:Creating prefix chain script '/home/future/ros2_turtlecv/install/setup.bash'
[2.567s] INFO:colcon.colcon_core.shell:Creating prefix script '/home/future/ros2_turtlecv/install/local_setup.zsh'
[2.568s] INFO:colcon.colcon_core.shell:Creating prefix chain script '/home/future/ros2_turtlecv/install/setup.zsh'
