[0.151s] DEBUG:colcon:Command line arguments: ['/usr/bin/colcon', 'build']
[0.151s] DEBUG:colcon:Parsed command line arguments: Namespace(log_base=None, log_level=None, verb_name='build', build_base='build', install_base='install', merge_install=False, symlink_install=False, test_result_base=None, continue_on_error=False, executor='parallel', parallel_workers=8, event_handlers=None, ignore_user_meta=False, metas=['./colcon.meta'], base_paths=['.'], packages_ignore=None, packages_ignore_regex=None, paths=None, packages_up_to=None, packages_up_to_regex=None, packages_above=None, packages_above_and_dependencies=None, packages_above_depth=None, packages_select_by_dep=None, packages_skip_by_dep=None, packages_skip_up_to=None, packages_select_build_failed=False, packages_skip_build_finished=False, packages_select_test_failures=False, packages_skip_test_passed=False, packages_select=None, packages_skip=None, packages_select_regex=None, packages_skip_regex=None, packages_start=None, packages_end=None, allow_overriding=[], cmake_args=None, cmake_target=None, cmake_target_skip_unavailable=False, cmake_clean_cache=False, cmake_clean_first=False, cmake_force_configure=False, ament_cmake_args=None, catkin_cmake_args=None, catkin_skip_building_tests=False, mixin_files=None, mixin=None, verb_parser=<colcon_mixin.mixin.mixin_argument.MixinArgumentDecorator object at 0x7c4a3a766fe0>, verb_extension=<colcon_core.verb.build.BuildVerb object at 0x7c4a3a720880>, main=<bound method BuildVerb.main of <colcon_core.verb.build.BuildVerb object at 0x7c4a3a720880>>, mixin_verb=('build',))
[0.397s] Level 1:colcon.colcon_core.package_discovery:discover_packages(colcon_meta) check parameters
[0.397s] Level 1:colcon.colcon_core.package_discovery:discover_packages(recursive) check parameters
[0.397s] Level 1:colcon.colcon_core.package_discovery:discover_packages(ignore) check parameters
[0.398s] Level 1:colcon.colcon_core.package_discovery:discover_packages(path) check parameters
[0.398s] Level 1:colcon.colcon_core.package_discovery:discover_packages(colcon_meta) discover
[0.398s] Level 1:colcon.colcon_core.package_discovery:discover_packages(recursive) discover
[0.398s] INFO:colcon.colcon_core.package_discovery:Crawling recursively for packages in '/home/future/ros2_turtlecv'
[0.398s] Level 1:colcon.colcon_core.package_identification:_identify(.) by extensions ['ignore', 'ignore_ament_install']
[0.398s] Level 1:colcon.colcon_core.package_identification:_identify(.) by extension 'ignore'
[0.398s] Level 1:colcon.colcon_core.package_identification:_identify(.) by extension 'ignore_ament_install'
[0.399s] Level 1:colcon.colcon_core.package_identification:_identify(.) by extensions ['colcon_pkg']
[0.399s] Level 1:colcon.colcon_core.package_identification:_identify(.) by extension 'colcon_pkg'
[0.399s] Level 1:colcon.colcon_core.package_identification:_identify(.) by extensions ['colcon_meta']
[0.399s] Level 1:colcon.colcon_core.package_identification:_identify(.) by extension 'colcon_meta'
[0.399s] Level 1:colcon.colcon_core.package_identification:_identify(.) by extensions ['ros']
[0.399s] Level 1:colcon.colcon_core.package_identification:_identify(.) by extension 'ros'
[0.416s] Level 1:colcon.colcon_core.package_identification:_identify(.) by extensions ['cmake', 'python']
[0.416s] Level 1:colcon.colcon_core.package_identification:_identify(.) by extension 'cmake'
[0.416s] Level 1:colcon.colcon_core.package_identification:_identify(.) by extension 'python'
[0.416s] Level 1:colcon.colcon_core.package_identification:_identify(.) by extensions ['python_setup_py']
[0.416s] Level 1:colcon.colcon_core.package_identification:_identify(.) by extension 'python_setup_py'
[0.416s] Level 1:colcon.colcon_core.package_identification:_identify(build) by extensions ['ignore', 'ignore_ament_install']
[0.417s] Level 1:colcon.colcon_core.package_identification:_identify(build) by extension 'ignore'
[0.417s] Level 1:colcon.colcon_core.package_identification:_identify(build) ignored
[0.417s] Level 1:colcon.colcon_core.package_identification:_identify(install) by extensions ['ignore', 'ignore_ament_install']
[0.417s] Level 1:colcon.colcon_core.package_identification:_identify(install) by extension 'ignore'
[0.417s] Level 1:colcon.colcon_core.package_identification:_identify(install) ignored
[0.417s] Level 1:colcon.colcon_core.package_identification:_identify(log) by extensions ['ignore', 'ignore_ament_install']
[0.417s] Level 1:colcon.colcon_core.package_identification:_identify(log) by extension 'ignore'
[0.417s] Level 1:colcon.colcon_core.package_identification:_identify(log) ignored
[0.417s] Level 1:colcon.colcon_core.package_identification:_identify(src) by extensions ['ignore', 'ignore_ament_install']
[0.418s] Level 1:colcon.colcon_core.package_identification:_identify(src) by extension 'ignore'
[0.418s] Level 1:colcon.colcon_core.package_identification:_identify(src) by extension 'ignore_ament_install'
[0.418s] Level 1:colcon.colcon_core.package_identification:_identify(src) by extensions ['colcon_pkg']
[0.418s] Level 1:colcon.colcon_core.package_identification:_identify(src) by extension 'colcon_pkg'
[0.418s] Level 1:colcon.colcon_core.package_identification:_identify(src) by extensions ['colcon_meta']
[0.418s] Level 1:colcon.colcon_core.package_identification:_identify(src) by extension 'colcon_meta'
[0.418s] Level 1:colcon.colcon_core.package_identification:_identify(src) by extensions ['ros']
[0.418s] Level 1:colcon.colcon_core.package_identification:_identify(src) by extension 'ros'
[0.418s] Level 1:colcon.colcon_core.package_identification:_identify(src) by extensions ['cmake', 'python']
[0.418s] Level 1:colcon.colcon_core.package_identification:_identify(src) by extension 'cmake'
[0.418s] Level 1:colcon.colcon_core.package_identification:_identify(src) by extension 'python'
[0.419s] Level 1:colcon.colcon_core.package_identification:_identify(src) by extensions ['python_setup_py']
[0.419s] Level 1:colcon.colcon_core.package_identification:_identify(src) by extension 'python_setup_py'
[0.419s] Level 1:colcon.colcon_core.package_identification:_identify(src/turtlecv) by extensions ['ignore', 'ignore_ament_install']
[0.419s] Level 1:colcon.colcon_core.package_identification:_identify(src/turtlecv) by extension 'ignore'
[0.419s] Level 1:colcon.colcon_core.package_identification:_identify(src/turtlecv) by extension 'ignore_ament_install'
[0.420s] Level 1:colcon.colcon_core.package_identification:_identify(src/turtlecv) by extensions ['colcon_pkg']
[0.420s] Level 1:colcon.colcon_core.package_identification:_identify(src/turtlecv) by extension 'colcon_pkg'
[0.420s] Level 1:colcon.colcon_core.package_identification:_identify(src/turtlecv) by extensions ['colcon_meta']
[0.420s] Level 1:colcon.colcon_core.package_identification:_identify(src/turtlecv) by extension 'colcon_meta'
[0.421s] Level 1:colcon.colcon_core.package_identification:_identify(src/turtlecv) by extensions ['ros']
[0.421s] Level 1:colcon.colcon_core.package_identification:_identify(src/turtlecv) by extension 'ros'
[0.424s] DEBUG:colcon.colcon_core.package_identification:Package 'src/turtlecv' with type 'ros.ament_python' and name 'turtlecv'
[0.424s] Level 1:colcon.colcon_core.package_identification:_identify(src/turtlecv_pubsub) by extensions ['ignore', 'ignore_ament_install']
[0.424s] Level 1:colcon.colcon_core.package_identification:_identify(src/turtlecv_pubsub) by extension 'ignore'
[0.424s] Level 1:colcon.colcon_core.package_identification:_identify(src/turtlecv_pubsub) by extension 'ignore_ament_install'
[0.424s] Level 1:colcon.colcon_core.package_identification:_identify(src/turtlecv_pubsub) by extensions ['colcon_pkg']
[0.424s] Level 1:colcon.colcon_core.package_identification:_identify(src/turtlecv_pubsub) by extension 'colcon_pkg'
[0.425s] Level 1:colcon.colcon_core.package_identification:_identify(src/turtlecv_pubsub) by extensions ['colcon_meta']
[0.425s] Level 1:colcon.colcon_core.package_identification:_identify(src/turtlecv_pubsub) by extension 'colcon_meta'
[0.425s] Level 1:colcon.colcon_core.package_identification:_identify(src/turtlecv_pubsub) by extensions ['ros']
[0.425s] Level 1:colcon.colcon_core.package_identification:_identify(src/turtlecv_pubsub) by extension 'ros'
[0.426s] DEBUG:colcon.colcon_core.package_identification:Package 'src/turtlecv_pubsub' with type 'ros.ament_python' and name 'turtlecv_pubsub'
[0.426s] Level 1:colcon.colcon_core.package_discovery:discover_packages(recursive) using defaults
[0.426s] Level 1:colcon.colcon_core.package_discovery:discover_packages(ignore) discover
[0.426s] Level 1:colcon.colcon_core.package_discovery:discover_packages(ignore) using defaults
[0.426s] Level 1:colcon.colcon_core.package_discovery:discover_packages(path) discover
[0.426s] Level 1:colcon.colcon_core.package_discovery:discover_packages(path) using defaults
[0.479s] Level 1:colcon.colcon_core.package_discovery:discover_packages(prefix_path) check parameters
[0.479s] Level 1:colcon.colcon_core.package_discovery:discover_packages(prefix_path) discover
[0.480s] WARNING:colcon.colcon_ros.prefix_path.ament:The path '/opt/ros/rolling' in the environment variable AMENT_PREFIX_PATH doesn't exist
[0.481s] DEBUG:colcon.colcon_installed_package_information.package_discovery:Found 2 installed packages in /home/future/ros2_turtlecv/install
[0.483s] DEBUG:colcon.colcon_installed_package_information.package_discovery:Found 279 installed packages in /opt/ros/humble
[0.485s] Level 1:colcon.colcon_core.package_discovery:discover_packages(prefix_path) using defaults
[0.558s] Level 5:colcon.colcon_core.verb:set package 'turtlecv' build argument 'cmake_args' from command line to 'None'
[0.559s] Level 5:colcon.colcon_core.verb:set package 'turtlecv' build argument 'cmake_target' from command line to 'None'
[0.559s] Level 5:colcon.colcon_core.verb:set package 'turtlecv' build argument 'cmake_target_skip_unavailable' from command line to 'False'
[0.559s] Level 5:colcon.colcon_core.verb:set package 'turtlecv' build argument 'cmake_clean_cache' from command line to 'False'
[0.559s] Level 5:colcon.colcon_core.verb:set package 'turtlecv' build argument 'cmake_clean_first' from command line to 'False'
[0.559s] Level 5:colcon.colcon_core.verb:set package 'turtlecv' build argument 'cmake_force_configure' from command line to 'False'
[0.559s] Level 5:colcon.colcon_core.verb:set package 'turtlecv' build argument 'ament_cmake_args' from command line to 'None'
[0.559s] Level 5:colcon.colcon_core.verb:set package 'turtlecv' build argument 'catkin_cmake_args' from command line to 'None'
[0.559s] Level 5:colcon.colcon_core.verb:set package 'turtlecv' build argument 'catkin_skip_building_tests' from command line to 'False'
[0.559s] DEBUG:colcon.colcon_core.verb:Building package 'turtlecv' with the following arguments: {'ament_cmake_args': None, 'build_base': '/home/future/ros2_turtlecv/build/turtlecv', 'catkin_cmake_args': None, 'catkin_skip_building_tests': False, 'cmake_args': None, 'cmake_clean_cache': False, 'cmake_clean_first': False, 'cmake_force_configure': False, 'cmake_target': None, 'cmake_target_skip_unavailable': False, 'install_base': '/home/future/ros2_turtlecv/install/turtlecv', 'merge_install': False, 'path': '/home/future/ros2_turtlecv/src/turtlecv', 'symlink_install': False, 'test_result_base': None}
[0.560s] Level 5:colcon.colcon_core.verb:set package 'turtlecv_pubsub' build argument 'cmake_args' from command line to 'None'
[0.560s] Level 5:colcon.colcon_core.verb:set package 'turtlecv_pubsub' build argument 'cmake_target' from command line to 'None'
[0.560s] Level 5:colcon.colcon_core.verb:set package 'turtlecv_pubsub' build argument 'cmake_target_skip_unavailable' from command line to 'False'
[0.560s] Level 5:colcon.colcon_core.verb:set package 'turtlecv_pubsub' build argument 'cmake_clean_cache' from command line to 'False'
[0.560s] Level 5:colcon.colcon_core.verb:set package 'turtlecv_pubsub' build argument 'cmake_clean_first' from command line to 'False'
[0.560s] Level 5:colcon.colcon_core.verb:set package 'turtlecv_pubsub' build argument 'cmake_force_configure' from command line to 'False'
[0.560s] Level 5:colcon.colcon_core.verb:set package 'turtlecv_pubsub' build argument 'ament_cmake_args' from command line to 'None'
[0.560s] Level 5:colcon.colcon_core.verb:set package 'turtlecv_pubsub' build argument 'catkin_cmake_args' from command line to 'None'
[0.560s] Level 5:colcon.colcon_core.verb:set package 'turtlecv_pubsub' build argument 'catkin_skip_building_tests' from command line to 'False'
[0.560s] DEBUG:colcon.colcon_core.verb:Building package 'turtlecv_pubsub' with the following arguments: {'ament_cmake_args': None, 'build_base': '/home/future/ros2_turtlecv/build/turtlecv_pubsub', 'catkin_cmake_args': None, 'catkin_skip_building_tests': False, 'cmake_args': None, 'cmake_clean_cache': False, 'cmake_clean_first': False, 'cmake_force_configure': False, 'cmake_target': None, 'cmake_target_skip_unavailable': False, 'install_base': '/home/future/ros2_turtlecv/install/turtlecv_pubsub', 'merge_install': False, 'path': '/home/future/ros2_turtlecv/src/turtlecv_pubsub', 'symlink_install': False, 'test_result_base': None}
[0.561s] INFO:colcon.colcon_core.executor:Executing jobs using 'parallel' executor
[0.564s] DEBUG:colcon.colcon_parallel_executor.executor.parallel:run_until_complete
[0.564s] INFO:colcon.colcon_ros.task.ament_python.build:Building ROS package in '/home/future/ros2_turtlecv/src/turtlecv' with build type 'ament_python'
[0.564s] Level 1:colcon.colcon_core.shell:create_environment_hook('turtlecv', 'ament_prefix_path')
[0.567s] INFO:colcon.colcon_core.plugin_system:Skipping extension 'colcon_core.shell.bat': Not used on non-Windows systems
[0.568s] INFO:colcon.colcon_core.shell:Creating environment hook '/home/future/ros2_turtlecv/install/turtlecv/share/turtlecv/hook/ament_prefix_path.ps1'
[0.570s] INFO:colcon.colcon_core.shell:Creating environment descriptor '/home/future/ros2_turtlecv/install/turtlecv/share/turtlecv/hook/ament_prefix_path.dsv'
[0.571s] INFO:colcon.colcon_core.shell:Creating environment hook '/home/future/ros2_turtlecv/install/turtlecv/share/turtlecv/hook/ament_prefix_path.sh'
[0.573s] INFO:colcon.colcon_core.shell:Skip shell extension 'powershell' for command environment: Not usable outside of PowerShell
[0.573s] DEBUG:colcon.colcon_core.shell:Skip shell extension 'dsv' for command environment
[0.579s] INFO:colcon.colcon_ros.task.ament_python.build:Building ROS package in '/home/future/ros2_turtlecv/src/turtlecv_pubsub' with build type 'ament_python'
[0.580s] Level 1:colcon.colcon_core.shell:create_environment_hook('turtlecv_pubsub', 'ament_prefix_path')
[0.581s] INFO:colcon.colcon_core.shell:Creating environment hook '/home/future/ros2_turtlecv/install/turtlecv_pubsub/share/turtlecv_pubsub/hook/ament_prefix_path.ps1'
[0.584s] INFO:colcon.colcon_core.shell:Creating environment descriptor '/home/future/ros2_turtlecv/install/turtlecv_pubsub/share/turtlecv_pubsub/hook/ament_prefix_path.dsv'
[0.586s] INFO:colcon.colcon_core.shell:Creating environment hook '/home/future/ros2_turtlecv/install/turtlecv_pubsub/share/turtlecv_pubsub/hook/ament_prefix_path.sh'
[0.595s] INFO:colcon.colcon_core.shell:Skip shell extension 'powershell' for command environment: Not usable outside of PowerShell
[0.596s] DEBUG:colcon.colcon_core.shell:Skip shell extension 'dsv' for command environment
[0.992s] INFO:colcon.colcon_core.task.python.build:Building Python package in '/home/future/ros2_turtlecv/src/turtlecv'
[0.992s] INFO:colcon.colcon_core.shell:Skip shell extension 'powershell' for command environment: Not usable outside of PowerShell
[0.992s] DEBUG:colcon.colcon_core.shell:Skip shell extension 'dsv' for command environment
[1.376s] INFO:colcon.colcon_core.task.python.build:Building Python package in '/home/future/ros2_turtlecv/src/turtlecv_pubsub'
[1.376s] INFO:colcon.colcon_core.shell:Skip shell extension 'powershell' for command environment: Not usable outside of PowerShell
[1.376s] DEBUG:colcon.colcon_core.shell:Skip shell extension 'dsv' for command environment
[1.906s] DEBUG:colcon.colcon_core.event_handler.log_command:Invoking command in '/home/future/ros2_turtlecv/src/turtlecv_pubsub': PYTHONPATH=/home/future/ros2_turtlecv/build/turtlecv_pubsub/prefix_override:/usr/lib/python3/dist-packages/colcon_core/task/python/colcon_distutils_commands:/home/future/ros2_turtlecv/install/turtlecv_pubsub/lib/python3.10/site-packages:${PYTHONPATH} /usr/bin/python3 -W ignore:setup.py install is deprecated -W ignore:easy_install command is deprecated setup.py egg_info --egg-base ../../build/turtlecv_pubsub build --build-base /home/future/ros2_turtlecv/build/turtlecv_pubsub/build install --record /home/future/ros2_turtlecv/build/turtlecv_pubsub/install.log --single-version-externally-managed install_data
[1.919s] DEBUG:colcon.colcon_core.event_handler.log_command:Invoking command in '/home/future/ros2_turtlecv/src/turtlecv': PYTHONPATH=/home/future/ros2_turtlecv/build/turtlecv/prefix_override:/usr/lib/python3/dist-packages/colcon_core/task/python/colcon_distutils_commands:/home/future/ros2_turtlecv/install/turtlecv/lib/python3.10/site-packages:${PYTHONPATH} /usr/bin/python3 -W ignore:setup.py install is deprecated -W ignore:easy_install command is deprecated setup.py egg_info --egg-base ../../build/turtlecv build --build-base /home/future/ros2_turtlecv/build/turtlecv/build install --record /home/future/ros2_turtlecv/build/turtlecv/install.log --single-version-externally-managed install_data
[2.383s] DEBUG:colcon.colcon_core.event_handler.log_command:Invoked command in '/home/future/ros2_turtlecv/src/turtlecv' returned '0': PYTHONPATH=/home/future/ros2_turtlecv/build/turtlecv/prefix_override:/usr/lib/python3/dist-packages/colcon_core/task/python/colcon_distutils_commands:/home/future/ros2_turtlecv/install/turtlecv/lib/python3.10/site-packages:${PYTHONPATH} /usr/bin/python3 -W ignore:setup.py install is deprecated -W ignore:easy_install command is deprecated setup.py egg_info --egg-base ../../build/turtlecv build --build-base /home/future/ros2_turtlecv/build/turtlecv/build install --record /home/future/ros2_turtlecv/build/turtlecv/install.log --single-version-externally-managed install_data
[2.388s] Level 1:colcon.colcon_core.environment:checking '/home/future/ros2_turtlecv/install/turtlecv' for CMake module files
[2.388s] Level 1:colcon.colcon_core.environment:checking '/home/future/ros2_turtlecv/install/turtlecv' for CMake config files
[2.390s] Level 1:colcon.colcon_core.environment:checking '/home/future/ros2_turtlecv/install/turtlecv/lib'
[2.390s] Level 1:colcon.colcon_core.environment:checking '/home/future/ros2_turtlecv/install/turtlecv/bin'
[2.390s] Level 1:colcon.colcon_core.environment:checking '/home/future/ros2_turtlecv/install/turtlecv/lib/pkgconfig/turtlecv.pc'
[2.391s] Level 1:colcon.colcon_core.environment:checking '/home/future/ros2_turtlecv/install/turtlecv/lib/python3.10/site-packages'
[2.391s] Level 1:colcon.colcon_core.shell:create_environment_hook('turtlecv', 'pythonpath')
[2.391s] INFO:colcon.colcon_core.shell:Creating environment hook '/home/future/ros2_turtlecv/install/turtlecv/share/turtlecv/hook/pythonpath.ps1'
[2.392s] INFO:colcon.colcon_core.shell:Creating environment descriptor '/home/future/ros2_turtlecv/install/turtlecv/share/turtlecv/hook/pythonpath.dsv'
[2.393s] INFO:colcon.colcon_core.shell:Creating environment hook '/home/future/ros2_turtlecv/install/turtlecv/share/turtlecv/hook/pythonpath.sh'
[2.394s] Level 1:colcon.colcon_core.environment:checking '/home/future/ros2_turtlecv/install/turtlecv/bin'
[2.394s] Level 1:colcon.colcon_core.environment:create_environment_scripts_only(turtlecv)
[2.394s] INFO:colcon.colcon_core.shell:Creating package script '/home/future/ros2_turtlecv/install/turtlecv/share/turtlecv/package.ps1'
[2.396s] INFO:colcon.colcon_core.shell:Creating package descriptor '/home/future/ros2_turtlecv/install/turtlecv/share/turtlecv/package.dsv'
[2.397s] INFO:colcon.colcon_core.shell:Creating package script '/home/future/ros2_turtlecv/install/turtlecv/share/turtlecv/package.sh'
[2.398s] INFO:colcon.colcon_core.shell:Creating package script '/home/future/ros2_turtlecv/install/turtlecv/share/turtlecv/package.bash'
[2.400s] INFO:colcon.colcon_core.shell:Creating package script '/home/future/ros2_turtlecv/install/turtlecv/share/turtlecv/package.zsh'
[2.401s] Level 1:colcon.colcon_core.environment:create_file_with_runtime_dependencies(/home/future/ros2_turtlecv/install/turtlecv/share/colcon-core/packages/turtlecv)
[2.406s] Level 1:colcon.colcon_core.environment:checking '/home/future/ros2_turtlecv/install/turtlecv_pubsub' for CMake module files
[2.407s] DEBUG:colcon.colcon_core.event_handler.log_command:Invoked command in '/home/future/ros2_turtlecv/src/turtlecv_pubsub' returned '0': PYTHONPATH=/home/future/ros2_turtlecv/build/turtlecv_pubsub/prefix_override:/usr/lib/python3/dist-packages/colcon_core/task/python/colcon_distutils_commands:/home/future/ros2_turtlecv/install/turtlecv_pubsub/lib/python3.10/site-packages:${PYTHONPATH} /usr/bin/python3 -W ignore:setup.py install is deprecated -W ignore:easy_install command is deprecated setup.py egg_info --egg-base ../../build/turtlecv_pubsub build --build-base /home/future/ros2_turtlecv/build/turtlecv_pubsub/build install --record /home/future/ros2_turtlecv/build/turtlecv_pubsub/install.log --single-version-externally-managed install_data
[2.407s] Level 1:colcon.colcon_core.environment:checking '/home/future/ros2_turtlecv/install/turtlecv_pubsub' for CMake config files
[2.408s] Level 1:colcon.colcon_core.environment:checking '/home/future/ros2_turtlecv/install/turtlecv_pubsub/lib'
[2.408s] Level 1:colcon.colcon_core.environment:checking '/home/future/ros2_turtlecv/install/turtlecv_pubsub/bin'
[2.409s] Level 1:colcon.colcon_core.environment:checking '/home/future/ros2_turtlecv/install/turtlecv_pubsub/lib/pkgconfig/turtlecv_pubsub.pc'
[2.409s] Level 1:colcon.colcon_core.environment:checking '/home/future/ros2_turtlecv/install/turtlecv_pubsub/lib/python3.10/site-packages'
[2.409s] Level 1:colcon.colcon_core.shell:create_environment_hook('turtlecv_pubsub', 'pythonpath')
[2.409s] INFO:colcon.colcon_core.shell:Creating environment hook '/home/future/ros2_turtlecv/install/turtlecv_pubsub/share/turtlecv_pubsub/hook/pythonpath.ps1'
[2.410s] INFO:colcon.colcon_core.shell:Creating environment descriptor '/home/future/ros2_turtlecv/install/turtlecv_pubsub/share/turtlecv_pubsub/hook/pythonpath.dsv'
[2.411s] INFO:colcon.colcon_core.shell:Creating environment hook '/home/future/ros2_turtlecv/install/turtlecv_pubsub/share/turtlecv_pubsub/hook/pythonpath.sh'
[2.412s] Level 1:colcon.colcon_core.environment:checking '/home/future/ros2_turtlecv/install/turtlecv_pubsub/bin'
[2.412s] Level 1:colcon.colcon_core.environment:create_environment_scripts_only(turtlecv_pubsub)
[2.413s] INFO:colcon.colcon_core.shell:Creating package script '/home/future/ros2_turtlecv/install/turtlecv_pubsub/share/turtlecv_pubsub/package.ps1'
[2.414s] INFO:colcon.colcon_core.shell:Creating package descriptor '/home/future/ros2_turtlecv/install/turtlecv_pubsub/share/turtlecv_pubsub/package.dsv'
[2.414s] INFO:colcon.colcon_core.shell:Creating package script '/home/future/ros2_turtlecv/install/turtlecv_pubsub/share/turtlecv_pubsub/package.sh'
[2.415s] INFO:colcon.colcon_core.shell:Creating package script '/home/future/ros2_turtlecv/install/turtlecv_pubsub/share/turtlecv_pubsub/package.bash'
[2.416s] INFO:colcon.colcon_core.shell:Creating package script '/home/future/ros2_turtlecv/install/turtlecv_pubsub/share/turtlecv_pubsub/package.zsh'
[2.417s] Level 1:colcon.colcon_core.environment:create_file_with_runtime_dependencies(/home/future/ros2_turtlecv/install/turtlecv_pubsub/share/colcon-core/packages/turtlecv_pubsub)
[2.418s] DEBUG:colcon.colcon_parallel_executor.executor.parallel:closing loop
[2.420s] DEBUG:colcon.colcon_parallel_executor.executor.parallel:loop closed
[2.420s] DEBUG:colcon.colcon_parallel_executor.executor.parallel:run_until_complete finished with '0'
[2.420s] DEBUG:colcon.colcon_core.event_reactor:joining thread
[2.431s] INFO:colcon.colcon_core.plugin_system:Skipping extension 'colcon_notification.desktop_notification.terminal_notifier': Not used on non-Darwin systems
[2.431s] INFO:colcon.colcon_core.plugin_system:Skipping extension 'colcon_notification.desktop_notification.win32': Not used on non-Windows systems
[2.431s] INFO:colcon.colcon_notification.desktop_notification:Sending desktop notification using 'notify2'
[2.483s] DEBUG:colcon.colcon_core.event_reactor:joined thread
[2.484s] INFO:colcon.colcon_core.shell:Creating prefix script '/home/future/ros2_turtlecv/install/local_setup.ps1'
[2.486s] INFO:colcon.colcon_core.shell:Creating prefix util module '/home/future/ros2_turtlecv/install/_local_setup_util_ps1.py'
[2.488s] INFO:colcon.colcon_core.shell:Creating prefix chain script '/home/future/ros2_turtlecv/install/setup.ps1'
[2.489s] INFO:colcon.colcon_core.shell:Creating prefix script '/home/future/ros2_turtlecv/install/local_setup.sh'
[2.491s] INFO:colcon.colcon_core.shell:Creating prefix util module '/home/future/ros2_turtlecv/install/_local_setup_util_sh.py'
[2.491s] INFO:colcon.colcon_core.shell:Creating prefix chain script '/home/future/ros2_turtlecv/install/setup.sh'
[2.493s] INFO:colcon.colcon_core.shell:Creating prefix script '/home/future/ros2_turtlecv/install/local_setup.bash'
[2.494s] INFO:colcon.colcon_core.shell:Creating prefix chain script '/home/future/ros2_turtlecv/install/setup.bash'
[2.496s] INFO:colcon.colcon_core.shell:Creating prefix script '/home/future/ros2_turtlecv/install/local_setup.zsh'
[2.497s] INFO:colcon.colcon_core.shell:Creating prefix chain script '/home/future/ros2_turtlecv/install/setup.zsh'
