[0.220s] DEBUG:colcon:Command line arguments: ['/usr/bin/colcon', 'build', '--symlink-install']
[0.220s] DEBUG:colcon:Parsed command line arguments: Namespace(log_base=None, log_level=None, verb_name='build', build_base='build', install_base='install', merge_install=False, symlink_install=True, test_result_base=None, continue_on_error=False, executor='parallel', parallel_workers=8, event_handlers=None, ignore_user_meta=False, metas=['./colcon.meta'], base_paths=['.'], packages_ignore=None, packages_ignore_regex=None, paths=None, packages_up_to=None, packages_up_to_regex=None, packages_above=None, packages_above_and_dependencies=None, packages_above_depth=None, packages_select_by_dep=None, packages_skip_by_dep=None, packages_skip_up_to=None, packages_select_build_failed=False, packages_skip_build_finished=False, packages_select_test_failures=False, packages_skip_test_passed=False, packages_select=None, packages_skip=None, packages_select_regex=None, packages_skip_regex=None, packages_start=None, packages_end=None, allow_overriding=[], cmake_args=None, cmake_target=None, cmake_target_skip_unavailable=False, cmake_clean_cache=False, cmake_clean_first=False, cmake_force_configure=False, ament_cmake_args=None, catkin_cmake_args=None, catkin_skip_building_tests=False, mixin_files=None, mixin=None, verb_parser=<colcon_mixin.mixin.mixin_argument.MixinArgumentDecorator object at 0x7226ca54e530>, verb_extension=<colcon_core.verb.build.BuildVerb object at 0x7226ca6c7d90>, main=<bound method BuildVerb.main of <colcon_core.verb.build.BuildVerb object at 0x7226ca6c7d90>>, mixin_verb=('build',))
[0.474s] Level 1:colcon.colcon_core.package_discovery:discover_packages(colcon_meta) check parameters
[0.474s] Level 1:colcon.colcon_core.package_discovery:discover_packages(recursive) check parameters
[0.474s] Level 1:colcon.colcon_core.package_discovery:discover_packages(ignore) check parameters
[0.474s] Level 1:colcon.colcon_core.package_discovery:discover_packages(path) check parameters
[0.474s] Level 1:colcon.colcon_core.package_discovery:discover_packages(colcon_meta) discover
[0.474s] Level 1:colcon.colcon_core.package_discovery:discover_packages(recursive) discover
[0.474s] INFO:colcon.colcon_core.package_discovery:Crawling recursively for packages in '/home/future/ros2_turtlecv'
[0.475s] Level 1:colcon.colcon_core.package_identification:_identify(.) by extensions ['ignore', 'ignore_ament_install']
[0.475s] Level 1:colcon.colcon_core.package_identification:_identify(.) by extension 'ignore'
[0.475s] Level 1:colcon.colcon_core.package_identification:_identify(.) by extension 'ignore_ament_install'
[0.475s] Level 1:colcon.colcon_core.package_identification:_identify(.) by extensions ['colcon_pkg']
[0.475s] Level 1:colcon.colcon_core.package_identification:_identify(.) by extension 'colcon_pkg'
[0.475s] Level 1:colcon.colcon_core.package_identification:_identify(.) by extensions ['colcon_meta']
[0.475s] Level 1:colcon.colcon_core.package_identification:_identify(.) by extension 'colcon_meta'
[0.475s] Level 1:colcon.colcon_core.package_identification:_identify(.) by extensions ['ros']
[0.476s] Level 1:colcon.colcon_core.package_identification:_identify(.) by extension 'ros'
[0.492s] Level 1:colcon.colcon_core.package_identification:_identify(.) by extensions ['cmake', 'python']
[0.492s] Level 1:colcon.colcon_core.package_identification:_identify(.) by extension 'cmake'
[0.492s] Level 1:colcon.colcon_core.package_identification:_identify(.) by extension 'python'
[0.493s] Level 1:colcon.colcon_core.package_identification:_identify(.) by extensions ['python_setup_py']
[0.493s] Level 1:colcon.colcon_core.package_identification:_identify(.) by extension 'python_setup_py'
[0.493s] Level 1:colcon.colcon_core.package_identification:_identify(build) by extensions ['ignore', 'ignore_ament_install']
[0.493s] Level 1:colcon.colcon_core.package_identification:_identify(build) by extension 'ignore'
[0.493s] Level 1:colcon.colcon_core.package_identification:_identify(build) ignored
[0.493s] Level 1:colcon.colcon_core.package_identification:_identify(install) by extensions ['ignore', 'ignore_ament_install']
[0.493s] Level 1:colcon.colcon_core.package_identification:_identify(install) by extension 'ignore'
[0.493s] Level 1:colcon.colcon_core.package_identification:_identify(install) ignored
[0.493s] Level 1:colcon.colcon_core.package_identification:_identify(log) by extensions ['ignore', 'ignore_ament_install']
[0.494s] Level 1:colcon.colcon_core.package_identification:_identify(log) by extension 'ignore'
[0.494s] Level 1:colcon.colcon_core.package_identification:_identify(log) ignored
[0.494s] Level 1:colcon.colcon_core.package_identification:_identify(src) by extensions ['ignore', 'ignore_ament_install']
[0.494s] Level 1:colcon.colcon_core.package_identification:_identify(src) by extension 'ignore'
[0.494s] Level 1:colcon.colcon_core.package_identification:_identify(src) by extension 'ignore_ament_install'
[0.494s] Level 1:colcon.colcon_core.package_identification:_identify(src) by extensions ['colcon_pkg']
[0.494s] Level 1:colcon.colcon_core.package_identification:_identify(src) by extension 'colcon_pkg'
[0.494s] Level 1:colcon.colcon_core.package_identification:_identify(src) by extensions ['colcon_meta']
[0.494s] Level 1:colcon.colcon_core.package_identification:_identify(src) by extension 'colcon_meta'
[0.494s] Level 1:colcon.colcon_core.package_identification:_identify(src) by extensions ['ros']
[0.495s] Level 1:colcon.colcon_core.package_identification:_identify(src) by extension 'ros'
[0.495s] Level 1:colcon.colcon_core.package_identification:_identify(src) by extensions ['cmake', 'python']
[0.495s] Level 1:colcon.colcon_core.package_identification:_identify(src) by extension 'cmake'
[0.495s] Level 1:colcon.colcon_core.package_identification:_identify(src) by extension 'python'
[0.495s] Level 1:colcon.colcon_core.package_identification:_identify(src) by extensions ['python_setup_py']
[0.495s] Level 1:colcon.colcon_core.package_identification:_identify(src) by extension 'python_setup_py'
[0.495s] Level 1:colcon.colcon_core.package_identification:_identify(src/turtlecv) by extensions ['ignore', 'ignore_ament_install']
[0.495s] Level 1:colcon.colcon_core.package_identification:_identify(src/turtlecv) by extension 'ignore'
[0.495s] Level 1:colcon.colcon_core.package_identification:_identify(src/turtlecv) by extension 'ignore_ament_install'
[0.495s] Level 1:colcon.colcon_core.package_identification:_identify(src/turtlecv) by extensions ['colcon_pkg']
[0.495s] Level 1:colcon.colcon_core.package_identification:_identify(src/turtlecv) by extension 'colcon_pkg'
[0.496s] Level 1:colcon.colcon_core.package_identification:_identify(src/turtlecv) by extensions ['colcon_meta']
[0.496s] Level 1:colcon.colcon_core.package_identification:_identify(src/turtlecv) by extension 'colcon_meta'
[0.496s] Level 1:colcon.colcon_core.package_identification:_identify(src/turtlecv) by extensions ['ros']
[0.496s] Level 1:colcon.colcon_core.package_identification:_identify(src/turtlecv) by extension 'ros'
[0.499s] DEBUG:colcon.colcon_core.package_identification:Package 'src/turtlecv' with type 'ros.ament_python' and name 'turtlecv'
[0.499s] Level 1:colcon.colcon_core.package_identification:_identify(src/turtlecv_pubsub) by extensions ['ignore', 'ignore_ament_install']
[0.499s] Level 1:colcon.colcon_core.package_identification:_identify(src/turtlecv_pubsub) by extension 'ignore'
[0.499s] Level 1:colcon.colcon_core.package_identification:_identify(src/turtlecv_pubsub) by extension 'ignore_ament_install'
[0.499s] Level 1:colcon.colcon_core.package_identification:_identify(src/turtlecv_pubsub) by extensions ['colcon_pkg']
[0.499s] Level 1:colcon.colcon_core.package_identification:_identify(src/turtlecv_pubsub) by extension 'colcon_pkg'
[0.500s] Level 1:colcon.colcon_core.package_identification:_identify(src/turtlecv_pubsub) by extensions ['colcon_meta']
[0.500s] Level 1:colcon.colcon_core.package_identification:_identify(src/turtlecv_pubsub) by extension 'colcon_meta'
[0.500s] Level 1:colcon.colcon_core.package_identification:_identify(src/turtlecv_pubsub) by extensions ['ros']
[0.500s] Level 1:colcon.colcon_core.package_identification:_identify(src/turtlecv_pubsub) by extension 'ros'
[0.501s] DEBUG:colcon.colcon_core.package_identification:Package 'src/turtlecv_pubsub' with type 'ros.ament_python' and name 'turtlecv_pubsub'
[0.501s] Level 1:colcon.colcon_core.package_discovery:discover_packages(recursive) using defaults
[0.501s] Level 1:colcon.colcon_core.package_discovery:discover_packages(ignore) discover
[0.501s] Level 1:colcon.colcon_core.package_discovery:discover_packages(ignore) using defaults
[0.501s] Level 1:colcon.colcon_core.package_discovery:discover_packages(path) discover
[0.501s] Level 1:colcon.colcon_core.package_discovery:discover_packages(path) using defaults
[0.559s] Level 1:colcon.colcon_core.package_discovery:discover_packages(prefix_path) check parameters
[0.559s] Level 1:colcon.colcon_core.package_discovery:discover_packages(prefix_path) discover
[0.560s] WARNING:colcon.colcon_ros.prefix_path.ament:The path '/home/future/ros2_turtlecv/install/turtlecv_pubsub' in the environment variable AMENT_PREFIX_PATH doesn't exist
[0.561s] WARNING:colcon.colcon_ros.prefix_path.ament:The path '/home/future/ros2_turtlecv/install/turtlecv' in the environment variable AMENT_PREFIX_PATH doesn't exist
[0.561s] WARNING:colcon.colcon_ros.prefix_path.ament:The path '/opt/ros/rolling' in the environment variable AMENT_PREFIX_PATH doesn't exist
[0.561s] WARNING:colcon.colcon_ros.prefix_path.catkin:The path '/home/future/ros2_turtlecv/install/turtlecv' in the environment variable CMAKE_PREFIX_PATH doesn't exist
[0.562s] DEBUG:colcon.colcon_installed_package_information.package_discovery:Found 0 installed packages in /home/future/ros2_turtlecv/install
[0.564s] DEBUG:colcon.colcon_installed_package_information.package_discovery:Found 279 installed packages in /opt/ros/humble
[0.567s] Level 1:colcon.colcon_core.package_discovery:discover_packages(prefix_path) using defaults
[0.664s] Level 5:colcon.colcon_core.verb:set package 'turtlecv' build argument 'cmake_args' from command line to 'None'
[0.664s] Level 5:colcon.colcon_core.verb:set package 'turtlecv' build argument 'cmake_target' from command line to 'None'
[0.664s] Level 5:colcon.colcon_core.verb:set package 'turtlecv' build argument 'cmake_target_skip_unavailable' from command line to 'False'
[0.665s] Level 5:colcon.colcon_core.verb:set package 'turtlecv' build argument 'cmake_clean_cache' from command line to 'False'
[0.665s] Level 5:colcon.colcon_core.verb:set package 'turtlecv' build argument 'cmake_clean_first' from command line to 'False'
[0.665s] Level 5:colcon.colcon_core.verb:set package 'turtlecv' build argument 'cmake_force_configure' from command line to 'False'
[0.665s] Level 5:colcon.colcon_core.verb:set package 'turtlecv' build argument 'ament_cmake_args' from command line to 'None'
[0.666s] Level 5:colcon.colcon_core.verb:set package 'turtlecv' build argument 'catkin_cmake_args' from command line to 'None'
[0.666s] Level 5:colcon.colcon_core.verb:set package 'turtlecv' build argument 'catkin_skip_building_tests' from command line to 'False'
[0.666s] DEBUG:colcon.colcon_core.verb:Building package 'turtlecv' with the following arguments: {'ament_cmake_args': None, 'build_base': '/home/future/ros2_turtlecv/build/turtlecv', 'catkin_cmake_args': None, 'catkin_skip_building_tests': False, 'cmake_args': None, 'cmake_clean_cache': False, 'cmake_clean_first': False, 'cmake_force_configure': False, 'cmake_target': None, 'cmake_target_skip_unavailable': False, 'install_base': '/home/future/ros2_turtlecv/install/turtlecv', 'merge_install': False, 'path': '/home/future/ros2_turtlecv/src/turtlecv', 'symlink_install': True, 'test_result_base': None}
[0.667s] Level 5:colcon.colcon_core.verb:set package 'turtlecv_pubsub' build argument 'cmake_args' from command line to 'None'
[0.667s] Level 5:colcon.colcon_core.verb:set package 'turtlecv_pubsub' build argument 'cmake_target' from command line to 'None'
[0.667s] Level 5:colcon.colcon_core.verb:set package 'turtlecv_pubsub' build argument 'cmake_target_skip_unavailable' from command line to 'False'
[0.667s] Level 5:colcon.colcon_core.verb:set package 'turtlecv_pubsub' build argument 'cmake_clean_cache' from command line to 'False'
[0.667s] Level 5:colcon.colcon_core.verb:set package 'turtlecv_pubsub' build argument 'cmake_clean_first' from command line to 'False'
[0.667s] Level 5:colcon.colcon_core.verb:set package 'turtlecv_pubsub' build argument 'cmake_force_configure' from command line to 'False'
[0.667s] Level 5:colcon.colcon_core.verb:set package 'turtlecv_pubsub' build argument 'ament_cmake_args' from command line to 'None'
[0.668s] Level 5:colcon.colcon_core.verb:set package 'turtlecv_pubsub' build argument 'catkin_cmake_args' from command line to 'None'
[0.668s] Level 5:colcon.colcon_core.verb:set package 'turtlecv_pubsub' build argument 'catkin_skip_building_tests' from command line to 'False'
[0.668s] DEBUG:colcon.colcon_core.verb:Building package 'turtlecv_pubsub' with the following arguments: {'ament_cmake_args': None, 'build_base': '/home/future/ros2_turtlecv/build/turtlecv_pubsub', 'catkin_cmake_args': None, 'catkin_skip_building_tests': False, 'cmake_args': None, 'cmake_clean_cache': False, 'cmake_clean_first': False, 'cmake_force_configure': False, 'cmake_target': None, 'cmake_target_skip_unavailable': False, 'install_base': '/home/future/ros2_turtlecv/install/turtlecv_pubsub', 'merge_install': False, 'path': '/home/future/ros2_turtlecv/src/turtlecv_pubsub', 'symlink_install': True, 'test_result_base': None}
[0.668s] INFO:colcon.colcon_core.executor:Executing jobs using 'parallel' executor
[0.670s] DEBUG:colcon.colcon_parallel_executor.executor.parallel:run_until_complete
[0.671s] INFO:colcon.colcon_ros.task.ament_python.build:Building ROS package in '/home/future/ros2_turtlecv/src/turtlecv' with build type 'ament_python'
[0.671s] Level 1:colcon.colcon_core.shell:create_environment_hook('turtlecv', 'ament_prefix_path')
[0.684s] INFO:colcon.colcon_core.plugin_system:Skipping extension 'colcon_core.shell.bat': Not used on non-Windows systems
[0.684s] INFO:colcon.colcon_core.shell:Creating environment hook '/home/future/ros2_turtlecv/install/turtlecv/share/turtlecv/hook/ament_prefix_path.ps1'
[0.686s] INFO:colcon.colcon_core.shell:Creating environment descriptor '/home/future/ros2_turtlecv/install/turtlecv/share/turtlecv/hook/ament_prefix_path.dsv'
[0.687s] INFO:colcon.colcon_core.shell:Creating environment hook '/home/future/ros2_turtlecv/install/turtlecv/share/turtlecv/hook/ament_prefix_path.sh'
[0.688s] INFO:colcon.colcon_core.shell:Skip shell extension 'powershell' for command environment: Not usable outside of PowerShell
[0.688s] DEBUG:colcon.colcon_core.shell:Skip shell extension 'dsv' for command environment
[0.698s] INFO:colcon.colcon_ros.task.ament_python.build:Building ROS package in '/home/future/ros2_turtlecv/src/turtlecv_pubsub' with build type 'ament_python'
[0.698s] Level 1:colcon.colcon_core.shell:create_environment_hook('turtlecv_pubsub', 'ament_prefix_path')
[0.699s] INFO:colcon.colcon_core.shell:Creating environment hook '/home/future/ros2_turtlecv/install/turtlecv_pubsub/share/turtlecv_pubsub/hook/ament_prefix_path.ps1'
[0.702s] INFO:colcon.colcon_core.shell:Creating environment descriptor '/home/future/ros2_turtlecv/install/turtlecv_pubsub/share/turtlecv_pubsub/hook/ament_prefix_path.dsv'
[0.705s] INFO:colcon.colcon_core.shell:Creating environment hook '/home/future/ros2_turtlecv/install/turtlecv_pubsub/share/turtlecv_pubsub/hook/ament_prefix_path.sh'
[0.707s] INFO:colcon.colcon_core.shell:Skip shell extension 'powershell' for command environment: Not usable outside of PowerShell
[0.707s] DEBUG:colcon.colcon_core.shell:Skip shell extension 'dsv' for command environment
[1.406s] INFO:colcon.colcon_core.task.python.build:Building Python package in '/home/future/ros2_turtlecv/src/turtlecv'
[1.408s] INFO:colcon.colcon_core.shell:Skip shell extension 'powershell' for command environment: Not usable outside of PowerShell
[1.408s] DEBUG:colcon.colcon_core.shell:Skip shell extension 'dsv' for command environment
[1.848s] INFO:colcon.colcon_core.task.python.build:Building Python package in '/home/future/ros2_turtlecv/src/turtlecv_pubsub'
[1.849s] INFO:colcon.colcon_core.shell:Skip shell extension 'powershell' for command environment: Not usable outside of PowerShell
[1.850s] DEBUG:colcon.colcon_core.shell:Skip shell extension 'dsv' for command environment
[2.641s] DEBUG:colcon.colcon_core.event_handler.log_command:Invoking command in '/home/future/ros2_turtlecv/build/turtlecv': PYTHONPATH=/home/future/ros2_turtlecv/build/turtlecv/prefix_override:/usr/lib/python3/dist-packages/colcon_core/task/python/colcon_distutils_commands:/home/future/ros2_turtlecv/install/turtlecv/lib/python3.10/site-packages:${PYTHONPATH} /usr/bin/python3 -W ignore:setup.py install is deprecated -W ignore:easy_install command is deprecated setup.py develop --editable --build-directory /home/future/ros2_turtlecv/build/turtlecv/build --no-deps symlink_data
[2.656s] DEBUG:colcon.colcon_core.event_handler.log_command:Invoking command in '/home/future/ros2_turtlecv/build/turtlecv_pubsub': PYTHONPATH=/home/future/ros2_turtlecv/build/turtlecv_pubsub/prefix_override:/usr/lib/python3/dist-packages/colcon_core/task/python/colcon_distutils_commands:/home/future/ros2_turtlecv/install/turtlecv_pubsub/lib/python3.10/site-packages:${PYTHONPATH} /usr/bin/python3 -W ignore:setup.py install is deprecated -W ignore:easy_install command is deprecated setup.py develop --editable --build-directory /home/future/ros2_turtlecv/build/turtlecv_pubsub/build --no-deps symlink_data
[4.083s] Level 1:colcon.colcon_core.shell:create_environment_hook('turtlecv_pubsub', 'pythonpath_develop')
[4.083s] INFO:colcon.colcon_core.shell:Creating environment hook '/home/future/ros2_turtlecv/build/turtlecv_pubsub/share/turtlecv_pubsub/hook/pythonpath_develop.ps1'
[4.087s] DEBUG:colcon.colcon_core.event_handler.log_command:Invoked command in '/home/future/ros2_turtlecv/build/turtlecv_pubsub' returned '0': PYTHONPATH=/home/future/ros2_turtlecv/build/turtlecv_pubsub/prefix_override:/usr/lib/python3/dist-packages/colcon_core/task/python/colcon_distutils_commands:/home/future/ros2_turtlecv/install/turtlecv_pubsub/lib/python3.10/site-packages:${PYTHONPATH} /usr/bin/python3 -W ignore:setup.py install is deprecated -W ignore:easy_install command is deprecated setup.py develop --editable --build-directory /home/future/ros2_turtlecv/build/turtlecv_pubsub/build --no-deps symlink_data
[4.088s] INFO:colcon.colcon_core.shell:Creating environment descriptor '/home/future/ros2_turtlecv/build/turtlecv_pubsub/share/turtlecv_pubsub/hook/pythonpath_develop.dsv'
[4.088s] INFO:colcon.colcon_core.shell:Creating environment hook '/home/future/ros2_turtlecv/build/turtlecv_pubsub/share/turtlecv_pubsub/hook/pythonpath_develop.sh'
[4.095s] Level 1:colcon.colcon_core.environment:checking '/home/future/ros2_turtlecv/install/turtlecv_pubsub' for CMake module files
[4.096s] Level 1:colcon.colcon_core.environment:checking '/home/future/ros2_turtlecv/install/turtlecv_pubsub' for CMake config files
[4.097s] Level 1:colcon.colcon_core.environment:checking '/home/future/ros2_turtlecv/install/turtlecv_pubsub/lib'
[4.098s] Level 1:colcon.colcon_core.environment:checking '/home/future/ros2_turtlecv/install/turtlecv_pubsub/bin'
[4.099s] Level 1:colcon.colcon_core.environment:checking '/home/future/ros2_turtlecv/install/turtlecv_pubsub/lib/pkgconfig/turtlecv_pubsub.pc'
[4.099s] Level 1:colcon.colcon_core.environment:checking '/home/future/ros2_turtlecv/install/turtlecv_pubsub/lib/python3.10/site-packages'
[4.099s] Level 1:colcon.colcon_core.shell:create_environment_hook('turtlecv_pubsub', 'pythonpath')
[4.102s] INFO:colcon.colcon_core.shell:Creating environment hook '/home/future/ros2_turtlecv/install/turtlecv_pubsub/share/turtlecv_pubsub/hook/pythonpath.ps1'
[4.102s] INFO:colcon.colcon_core.shell:Creating environment descriptor '/home/future/ros2_turtlecv/install/turtlecv_pubsub/share/turtlecv_pubsub/hook/pythonpath.dsv'
[4.103s] INFO:colcon.colcon_core.shell:Creating environment hook '/home/future/ros2_turtlecv/install/turtlecv_pubsub/share/turtlecv_pubsub/hook/pythonpath.sh'
[4.104s] Level 1:colcon.colcon_core.environment:checking '/home/future/ros2_turtlecv/install/turtlecv_pubsub/bin'
[4.104s] Level 1:colcon.colcon_core.environment:create_environment_scripts_only(turtlecv_pubsub)
[4.105s] INFO:colcon.colcon_core.shell:Creating package script '/home/future/ros2_turtlecv/install/turtlecv_pubsub/share/turtlecv_pubsub/package.ps1'
[4.106s] INFO:colcon.colcon_core.shell:Creating package descriptor '/home/future/ros2_turtlecv/install/turtlecv_pubsub/share/turtlecv_pubsub/package.dsv'
[4.107s] INFO:colcon.colcon_core.shell:Creating package script '/home/future/ros2_turtlecv/install/turtlecv_pubsub/share/turtlecv_pubsub/package.sh'
[4.108s] INFO:colcon.colcon_core.shell:Creating package script '/home/future/ros2_turtlecv/install/turtlecv_pubsub/share/turtlecv_pubsub/package.bash'
[4.109s] INFO:colcon.colcon_core.shell:Creating package script '/home/future/ros2_turtlecv/install/turtlecv_pubsub/share/turtlecv_pubsub/package.zsh'
[4.110s] Level 1:colcon.colcon_core.environment:create_file_with_runtime_dependencies(/home/future/ros2_turtlecv/install/turtlecv_pubsub/share/colcon-core/packages/turtlecv_pubsub)
[4.112s] Level 1:colcon.colcon_core.shell:create_environment_hook('turtlecv', 'pythonpath_develop')
[4.112s] INFO:colcon.colcon_core.shell:Creating environment hook '/home/future/ros2_turtlecv/build/turtlecv/share/turtlecv/hook/pythonpath_develop.ps1'
[4.114s] DEBUG:colcon.colcon_core.event_handler.log_command:Invoked command in '/home/future/ros2_turtlecv/build/turtlecv' returned '0': PYTHONPATH=/home/future/ros2_turtlecv/build/turtlecv/prefix_override:/usr/lib/python3/dist-packages/colcon_core/task/python/colcon_distutils_commands:/home/future/ros2_turtlecv/install/turtlecv/lib/python3.10/site-packages:${PYTHONPATH} /usr/bin/python3 -W ignore:setup.py install is deprecated -W ignore:easy_install command is deprecated setup.py develop --editable --build-directory /home/future/ros2_turtlecv/build/turtlecv/build --no-deps symlink_data
[4.114s] INFO:colcon.colcon_core.shell:Creating environment descriptor '/home/future/ros2_turtlecv/build/turtlecv/share/turtlecv/hook/pythonpath_develop.dsv'
[4.115s] INFO:colcon.colcon_core.shell:Creating environment hook '/home/future/ros2_turtlecv/build/turtlecv/share/turtlecv/hook/pythonpath_develop.sh'
[4.116s] Level 1:colcon.colcon_core.environment:checking '/home/future/ros2_turtlecv/install/turtlecv' for CMake module files
[4.116s] Level 1:colcon.colcon_core.environment:checking '/home/future/ros2_turtlecv/install/turtlecv' for CMake config files
[4.117s] Level 1:colcon.colcon_core.environment:checking '/home/future/ros2_turtlecv/install/turtlecv/lib'
[4.117s] Level 1:colcon.colcon_core.environment:checking '/home/future/ros2_turtlecv/install/turtlecv/bin'
[4.117s] Level 1:colcon.colcon_core.environment:checking '/home/future/ros2_turtlecv/install/turtlecv/lib/pkgconfig/turtlecv.pc'
[4.118s] Level 1:colcon.colcon_core.environment:checking '/home/future/ros2_turtlecv/install/turtlecv/lib/python3.10/site-packages'
[4.118s] Level 1:colcon.colcon_core.shell:create_environment_hook('turtlecv', 'pythonpath')
[4.118s] INFO:colcon.colcon_core.shell:Creating environment hook '/home/future/ros2_turtlecv/install/turtlecv/share/turtlecv/hook/pythonpath.ps1'
[4.119s] INFO:colcon.colcon_core.shell:Creating environment descriptor '/home/future/ros2_turtlecv/install/turtlecv/share/turtlecv/hook/pythonpath.dsv'
[4.119s] INFO:colcon.colcon_core.shell:Creating environment hook '/home/future/ros2_turtlecv/install/turtlecv/share/turtlecv/hook/pythonpath.sh'
[4.120s] Level 1:colcon.colcon_core.environment:checking '/home/future/ros2_turtlecv/install/turtlecv/bin'
[4.120s] Level 1:colcon.colcon_core.environment:create_environment_scripts_only(turtlecv)
[4.121s] INFO:colcon.colcon_core.shell:Creating package script '/home/future/ros2_turtlecv/install/turtlecv/share/turtlecv/package.ps1'
[4.122s] INFO:colcon.colcon_core.shell:Creating package descriptor '/home/future/ros2_turtlecv/install/turtlecv/share/turtlecv/package.dsv'
[4.122s] INFO:colcon.colcon_core.shell:Creating package script '/home/future/ros2_turtlecv/install/turtlecv/share/turtlecv/package.sh'
[4.123s] INFO:colcon.colcon_core.shell:Creating package script '/home/future/ros2_turtlecv/install/turtlecv/share/turtlecv/package.bash'
[4.124s] INFO:colcon.colcon_core.shell:Creating package script '/home/future/ros2_turtlecv/install/turtlecv/share/turtlecv/package.zsh'
[4.124s] Level 1:colcon.colcon_core.environment:create_file_with_runtime_dependencies(/home/future/ros2_turtlecv/install/turtlecv/share/colcon-core/packages/turtlecv)
[4.126s] DEBUG:colcon.colcon_parallel_executor.executor.parallel:closing loop
[4.126s] DEBUG:colcon.colcon_parallel_executor.executor.parallel:loop closed
[4.126s] DEBUG:colcon.colcon_parallel_executor.executor.parallel:run_until_complete finished with '0'
[4.126s] DEBUG:colcon.colcon_core.event_reactor:joining thread
[4.146s] INFO:colcon.colcon_core.plugin_system:Skipping extension 'colcon_notification.desktop_notification.terminal_notifier': Not used on non-Darwin systems
[4.147s] INFO:colcon.colcon_core.plugin_system:Skipping extension 'colcon_notification.desktop_notification.win32': Not used on non-Windows systems
[4.147s] INFO:colcon.colcon_notification.desktop_notification:Sending desktop notification using 'notify2'
[4.240s] DEBUG:colcon.colcon_core.event_reactor:joined thread
[4.241s] INFO:colcon.colcon_core.shell:Creating prefix script '/home/future/ros2_turtlecv/install/local_setup.ps1'
[4.243s] INFO:colcon.colcon_core.shell:Creating prefix util module '/home/future/ros2_turtlecv/install/_local_setup_util_ps1.py'
[4.246s] INFO:colcon.colcon_core.shell:Creating prefix chain script '/home/future/ros2_turtlecv/install/setup.ps1'
[4.248s] INFO:colcon.colcon_core.shell:Creating prefix script '/home/future/ros2_turtlecv/install/local_setup.sh'
[4.249s] INFO:colcon.colcon_core.shell:Creating prefix util module '/home/future/ros2_turtlecv/install/_local_setup_util_sh.py'
[4.250s] INFO:colcon.colcon_core.shell:Creating prefix chain script '/home/future/ros2_turtlecv/install/setup.sh'
[4.252s] INFO:colcon.colcon_core.shell:Creating prefix script '/home/future/ros2_turtlecv/install/local_setup.bash'
[4.254s] INFO:colcon.colcon_core.shell:Creating prefix chain script '/home/future/ros2_turtlecv/install/setup.bash'
[4.255s] INFO:colcon.colcon_core.shell:Creating prefix script '/home/future/ros2_turtlecv/install/local_setup.zsh'
[4.256s] INFO:colcon.colcon_core.shell:Creating prefix chain script '/home/future/ros2_turtlecv/install/setup.zsh'
