running develop
running egg_info
creating turtlecv_pubsub.egg-info
writing turtlecv_pubsub.egg-info/PKG-INFO
writing dependency_links to turtlecv_pubsub.egg-info/dependency_links.txt
writing entry points to turtlecv_pubsub.egg-info/entry_points.txt
writing requirements to turtlecv_pubsub.egg-info/requires.txt
writing top-level names to turtlecv_pubsub.egg-info/top_level.txt
writing manifest file 'turtlecv_pubsub.egg-info/SOURCES.txt'
reading manifest file 'turtlecv_pubsub.egg-info/SOURCES.txt'
writing manifest file 'turtlecv_pubsub.egg-info/SOURCES.txt'
running build_ext
Creating /home/future/ros2_turtlecv/install/turtlecv_pubsub/lib/python3.10/site-packages/turtlecv-pubsub.egg-link (link to .)
Installing turtlecv script to /home/future/ros2_turtlecv/install/turtlecv_pubsub/lib/turtlecv_pubsub

Installed /home/future/ros2_turtlecv/build/turtlecv_pubsub
running symlink_data
creating /home/future/ros2_turtlecv/install/turtlecv_pubsub/share/ament_index
creating /home/future/ros2_turtlecv/install/turtlecv_pubsub/share/ament_index/resource_index
creating /home/future/ros2_turtlecv/install/turtlecv_pubsub/share/ament_index/resource_index/packages
symbolically linking /home/future/ros2_turtlecv/build/turtlecv_pubsub/resource/turtlecv_pubsub -> /home/future/ros2_turtlecv/install/turtlecv_pubsub/share/ament_index/resource_index/packages
symbolically linking /home/future/ros2_turtlecv/build/turtlecv_pubsub/package.xml -> /home/future/ros2_turtlecv/install/turtlecv_pubsub/share/turtlecv_pubsub
