[0.177s] DEBUG:colcon:Command line arguments: ['/usr/bin/colcon', 'build']
[0.177s] DEBUG:colcon:Parsed command line arguments: Namespace(log_base=None, log_level=None, verb_name='build', build_base='build', install_base='install', merge_install=False, symlink_install=False, test_result_base=None, continue_on_error=False, executor='parallel', parallel_workers=8, event_handlers=None, ignore_user_meta=False, metas=['./colcon.meta'], base_paths=['.'], packages_ignore=None, packages_ignore_regex=None, paths=None, packages_up_to=None, packages_up_to_regex=None, packages_above=None, packages_above_and_dependencies=None, packages_above_depth=None, packages_select_by_dep=None, packages_skip_by_dep=None, packages_skip_up_to=None, packages_select_build_failed=False, packages_skip_build_finished=False, packages_select_test_failures=False, packages_skip_test_passed=False, packages_select=None, packages_skip=None, packages_select_regex=None, packages_skip_regex=None, packages_start=None, packages_end=None, allow_overriding=[], cmake_args=None, cmake_target=None, cmake_target_skip_unavailable=False, cmake_clean_cache=False, cmake_clean_first=False, cmake_force_configure=False, ament_cmake_args=None, catkin_cmake_args=None, catkin_skip_building_tests=False, mixin_files=None, mixin=None, verb_parser=<colcon_mixin.mixin.mixin_argument.MixinArgumentDecorator object at 0x74423684efb0>, verb_extension=<colcon_core.verb.build.BuildVerb object at 0x744236804850>, main=<bound method BuildVerb.main of <colcon_core.verb.build.BuildVerb object at 0x744236804850>>, mixin_verb=('build',))
[0.419s] Level 1:colcon.colcon_core.package_discovery:discover_packages(colcon_meta) check parameters
[0.419s] Level 1:colcon.colcon_core.package_discovery:discover_packages(recursive) check parameters
[0.419s] Level 1:colcon.colcon_core.package_discovery:discover_packages(ignore) check parameters
[0.419s] Level 1:colcon.colcon_core.package_discovery:discover_packages(path) check parameters
[0.419s] Level 1:colcon.colcon_core.package_discovery:discover_packages(colcon_meta) discover
[0.419s] Level 1:colcon.colcon_core.package_discovery:discover_packages(recursive) discover
[0.419s] INFO:colcon.colcon_core.package_discovery:Crawling recursively for packages in '/home/future/ros2_turtlecv'
[0.420s] Level 1:colcon.colcon_core.package_identification:_identify(.) by extensions ['ignore', 'ignore_ament_install']
[0.420s] Level 1:colcon.colcon_core.package_identification:_identify(.) by extension 'ignore'
[0.420s] Level 1:colcon.colcon_core.package_identification:_identify(.) by extension 'ignore_ament_install'
[0.420s] Level 1:colcon.colcon_core.package_identification:_identify(.) by extensions ['colcon_pkg']
[0.420s] Level 1:colcon.colcon_core.package_identification:_identify(.) by extension 'colcon_pkg'
[0.420s] Level 1:colcon.colcon_core.package_identification:_identify(.) by extensions ['colcon_meta']
[0.420s] Level 1:colcon.colcon_core.package_identification:_identify(.) by extension 'colcon_meta'
[0.420s] Level 1:colcon.colcon_core.package_identification:_identify(.) by extensions ['ros']
[0.420s] Level 1:colcon.colcon_core.package_identification:_identify(.) by extension 'ros'
[0.435s] Level 1:colcon.colcon_core.package_identification:_identify(.) by extensions ['cmake', 'python']
[0.435s] Level 1:colcon.colcon_core.package_identification:_identify(.) by extension 'cmake'
[0.435s] Level 1:colcon.colcon_core.package_identification:_identify(.) by extension 'python'
[0.435s] Level 1:colcon.colcon_core.package_identification:_identify(.) by extensions ['python_setup_py']
[0.435s] Level 1:colcon.colcon_core.package_identification:_identify(.) by extension 'python_setup_py'
[0.435s] Level 1:colcon.colcon_core.package_identification:_identify(build) by extensions ['ignore', 'ignore_ament_install']
[0.435s] Level 1:colcon.colcon_core.package_identification:_identify(build) by extension 'ignore'
[0.435s] Level 1:colcon.colcon_core.package_identification:_identify(build) ignored
[0.436s] Level 1:colcon.colcon_core.package_identification:_identify(install) by extensions ['ignore', 'ignore_ament_install']
[0.436s] Level 1:colcon.colcon_core.package_identification:_identify(install) by extension 'ignore'
[0.436s] Level 1:colcon.colcon_core.package_identification:_identify(install) ignored
[0.436s] Level 1:colcon.colcon_core.package_identification:_identify(log) by extensions ['ignore', 'ignore_ament_install']
[0.436s] Level 1:colcon.colcon_core.package_identification:_identify(log) by extension 'ignore'
[0.436s] Level 1:colcon.colcon_core.package_identification:_identify(log) ignored
[0.436s] Level 1:colcon.colcon_core.package_identification:_identify(src) by extensions ['ignore', 'ignore_ament_install']
[0.436s] Level 1:colcon.colcon_core.package_identification:_identify(src) by extension 'ignore'
[0.436s] Level 1:colcon.colcon_core.package_identification:_identify(src) by extension 'ignore_ament_install'
[0.436s] Level 1:colcon.colcon_core.package_identification:_identify(src) by extensions ['colcon_pkg']
[0.437s] Level 1:colcon.colcon_core.package_identification:_identify(src) by extension 'colcon_pkg'
[0.437s] Level 1:colcon.colcon_core.package_identification:_identify(src) by extensions ['colcon_meta']
[0.437s] Level 1:colcon.colcon_core.package_identification:_identify(src) by extension 'colcon_meta'
[0.437s] Level 1:colcon.colcon_core.package_identification:_identify(src) by extensions ['ros']
[0.437s] Level 1:colcon.colcon_core.package_identification:_identify(src) by extension 'ros'
[0.437s] Level 1:colcon.colcon_core.package_identification:_identify(src) by extensions ['cmake', 'python']
[0.437s] Level 1:colcon.colcon_core.package_identification:_identify(src) by extension 'cmake'
[0.437s] Level 1:colcon.colcon_core.package_identification:_identify(src) by extension 'python'
[0.437s] Level 1:colcon.colcon_core.package_identification:_identify(src) by extensions ['python_setup_py']
[0.437s] Level 1:colcon.colcon_core.package_identification:_identify(src) by extension 'python_setup_py'
[0.437s] Level 1:colcon.colcon_core.package_identification:_identify(src/turtlecv) by extensions ['ignore', 'ignore_ament_install']
[0.437s] Level 1:colcon.colcon_core.package_identification:_identify(src/turtlecv) by extension 'ignore'
[0.437s] Level 1:colcon.colcon_core.package_identification:_identify(src/turtlecv) by extension 'ignore_ament_install'
[0.438s] Level 1:colcon.colcon_core.package_identification:_identify(src/turtlecv) by extensions ['colcon_pkg']
[0.438s] Level 1:colcon.colcon_core.package_identification:_identify(src/turtlecv) by extension 'colcon_pkg'
[0.438s] Level 1:colcon.colcon_core.package_identification:_identify(src/turtlecv) by extensions ['colcon_meta']
[0.438s] Level 1:colcon.colcon_core.package_identification:_identify(src/turtlecv) by extension 'colcon_meta'
[0.438s] Level 1:colcon.colcon_core.package_identification:_identify(src/turtlecv) by extensions ['ros']
[0.438s] Level 1:colcon.colcon_core.package_identification:_identify(src/turtlecv) by extension 'ros'
[0.441s] DEBUG:colcon.colcon_core.package_identification:Package 'src/turtlecv' with type 'ros.ament_python' and name 'turtlecv'
[0.441s] Level 1:colcon.colcon_core.package_identification:_identify(src/turtlecv_pubsub) by extensions ['ignore', 'ignore_ament_install']
[0.441s] Level 1:colcon.colcon_core.package_identification:_identify(src/turtlecv_pubsub) by extension 'ignore'
[0.442s] Level 1:colcon.colcon_core.package_identification:_identify(src/turtlecv_pubsub) by extension 'ignore_ament_install'
[0.442s] Level 1:colcon.colcon_core.package_identification:_identify(src/turtlecv_pubsub) by extensions ['colcon_pkg']
[0.442s] Level 1:colcon.colcon_core.package_identification:_identify(src/turtlecv_pubsub) by extension 'colcon_pkg'
[0.442s] Level 1:colcon.colcon_core.package_identification:_identify(src/turtlecv_pubsub) by extensions ['colcon_meta']
[0.442s] Level 1:colcon.colcon_core.package_identification:_identify(src/turtlecv_pubsub) by extension 'colcon_meta'
[0.442s] Level 1:colcon.colcon_core.package_identification:_identify(src/turtlecv_pubsub) by extensions ['ros']
[0.442s] Level 1:colcon.colcon_core.package_identification:_identify(src/turtlecv_pubsub) by extension 'ros'
[0.443s] DEBUG:colcon.colcon_core.package_identification:Package 'src/turtlecv_pubsub' with type 'ros.ament_python' and name 'turtlecv_pubsub'
[0.443s] Level 1:colcon.colcon_core.package_discovery:discover_packages(recursive) using defaults
[0.443s] Level 1:colcon.colcon_core.package_discovery:discover_packages(ignore) discover
[0.443s] Level 1:colcon.colcon_core.package_discovery:discover_packages(ignore) using defaults
[0.443s] Level 1:colcon.colcon_core.package_discovery:discover_packages(path) discover
[0.443s] Level 1:colcon.colcon_core.package_discovery:discover_packages(path) using defaults
[0.483s] Level 1:colcon.colcon_core.package_discovery:discover_packages(prefix_path) check parameters
[0.483s] Level 1:colcon.colcon_core.package_discovery:discover_packages(prefix_path) discover
[0.484s] WARNING:colcon.colcon_ros.prefix_path.ament:The path '/opt/ros/rolling' in the environment variable AMENT_PREFIX_PATH doesn't exist
[0.486s] DEBUG:colcon.colcon_installed_package_information.package_discovery:Found 2 installed packages in /home/future/ros2_turtlecv/install
[0.488s] DEBUG:colcon.colcon_installed_package_information.package_discovery:Found 279 installed packages in /opt/ros/humble
[0.491s] Level 1:colcon.colcon_core.package_discovery:discover_packages(prefix_path) using defaults
[0.567s] Level 5:colcon.colcon_core.verb:set package 'turtlecv' build argument 'cmake_args' from command line to 'None'
[0.568s] Level 5:colcon.colcon_core.verb:set package 'turtlecv' build argument 'cmake_target' from command line to 'None'
[0.568s] Level 5:colcon.colcon_core.verb:set package 'turtlecv' build argument 'cmake_target_skip_unavailable' from command line to 'False'
[0.568s] Level 5:colcon.colcon_core.verb:set package 'turtlecv' build argument 'cmake_clean_cache' from command line to 'False'
[0.568s] Level 5:colcon.colcon_core.verb:set package 'turtlecv' build argument 'cmake_clean_first' from command line to 'False'
[0.568s] Level 5:colcon.colcon_core.verb:set package 'turtlecv' build argument 'cmake_force_configure' from command line to 'False'
[0.568s] Level 5:colcon.colcon_core.verb:set package 'turtlecv' build argument 'ament_cmake_args' from command line to 'None'
[0.568s] Level 5:colcon.colcon_core.verb:set package 'turtlecv' build argument 'catkin_cmake_args' from command line to 'None'
[0.568s] Level 5:colcon.colcon_core.verb:set package 'turtlecv' build argument 'catkin_skip_building_tests' from command line to 'False'
[0.568s] DEBUG:colcon.colcon_core.verb:Building package 'turtlecv' with the following arguments: {'ament_cmake_args': None, 'build_base': '/home/future/ros2_turtlecv/build/turtlecv', 'catkin_cmake_args': None, 'catkin_skip_building_tests': False, 'cmake_args': None, 'cmake_clean_cache': False, 'cmake_clean_first': False, 'cmake_force_configure': False, 'cmake_target': None, 'cmake_target_skip_unavailable': False, 'install_base': '/home/future/ros2_turtlecv/install/turtlecv', 'merge_install': False, 'path': '/home/future/ros2_turtlecv/src/turtlecv', 'symlink_install': False, 'test_result_base': None}
[0.569s] Level 5:colcon.colcon_core.verb:set package 'turtlecv_pubsub' build argument 'cmake_args' from command line to 'None'
[0.569s] Level 5:colcon.colcon_core.verb:set package 'turtlecv_pubsub' build argument 'cmake_target' from command line to 'None'
[0.569s] Level 5:colcon.colcon_core.verb:set package 'turtlecv_pubsub' build argument 'cmake_target_skip_unavailable' from command line to 'False'
[0.569s] Level 5:colcon.colcon_core.verb:set package 'turtlecv_pubsub' build argument 'cmake_clean_cache' from command line to 'False'
[0.569s] Level 5:colcon.colcon_core.verb:set package 'turtlecv_pubsub' build argument 'cmake_clean_first' from command line to 'False'
[0.569s] Level 5:colcon.colcon_core.verb:set package 'turtlecv_pubsub' build argument 'cmake_force_configure' from command line to 'False'
[0.569s] Level 5:colcon.colcon_core.verb:set package 'turtlecv_pubsub' build argument 'ament_cmake_args' from command line to 'None'
[0.569s] Level 5:colcon.colcon_core.verb:set package 'turtlecv_pubsub' build argument 'catkin_cmake_args' from command line to 'None'
[0.569s] Level 5:colcon.colcon_core.verb:set package 'turtlecv_pubsub' build argument 'catkin_skip_building_tests' from command line to 'False'
[0.569s] DEBUG:colcon.colcon_core.verb:Building package 'turtlecv_pubsub' with the following arguments: {'ament_cmake_args': None, 'build_base': '/home/future/ros2_turtlecv/build/turtlecv_pubsub', 'catkin_cmake_args': None, 'catkin_skip_building_tests': False, 'cmake_args': None, 'cmake_clean_cache': False, 'cmake_clean_first': False, 'cmake_force_configure': False, 'cmake_target': None, 'cmake_target_skip_unavailable': False, 'install_base': '/home/future/ros2_turtlecv/install/turtlecv_pubsub', 'merge_install': False, 'path': '/home/future/ros2_turtlecv/src/turtlecv_pubsub', 'symlink_install': False, 'test_result_base': None}
[0.570s] INFO:colcon.colcon_core.executor:Executing jobs using 'parallel' executor
[0.571s] DEBUG:colcon.colcon_parallel_executor.executor.parallel:run_until_complete
[0.572s] INFO:colcon.colcon_ros.task.ament_python.build:Building ROS package in '/home/future/ros2_turtlecv/src/turtlecv' with build type 'ament_python'
[0.572s] Level 1:colcon.colcon_core.shell:create_environment_hook('turtlecv', 'ament_prefix_path')
[0.576s] INFO:colcon.colcon_core.plugin_system:Skipping extension 'colcon_core.shell.bat': Not used on non-Windows systems
[0.576s] INFO:colcon.colcon_core.shell:Creating environment hook '/home/future/ros2_turtlecv/install/turtlecv/share/turtlecv/hook/ament_prefix_path.ps1'
[0.578s] INFO:colcon.colcon_core.shell:Creating environment descriptor '/home/future/ros2_turtlecv/install/turtlecv/share/turtlecv/hook/ament_prefix_path.dsv'
[0.578s] INFO:colcon.colcon_core.shell:Creating environment hook '/home/future/ros2_turtlecv/install/turtlecv/share/turtlecv/hook/ament_prefix_path.sh'
[0.580s] INFO:colcon.colcon_core.shell:Skip shell extension 'powershell' for command environment: Not usable outside of PowerShell
[0.580s] DEBUG:colcon.colcon_core.shell:Skip shell extension 'dsv' for command environment
[0.585s] INFO:colcon.colcon_ros.task.ament_python.build:Building ROS package in '/home/future/ros2_turtlecv/src/turtlecv_pubsub' with build type 'ament_python'
[0.585s] Level 1:colcon.colcon_core.shell:create_environment_hook('turtlecv_pubsub', 'ament_prefix_path')
[0.586s] INFO:colcon.colcon_core.shell:Creating environment hook '/home/future/ros2_turtlecv/install/turtlecv_pubsub/share/turtlecv_pubsub/hook/ament_prefix_path.ps1'
[0.588s] INFO:colcon.colcon_core.shell:Creating environment descriptor '/home/future/ros2_turtlecv/install/turtlecv_pubsub/share/turtlecv_pubsub/hook/ament_prefix_path.dsv'
[0.589s] INFO:colcon.colcon_core.shell:Creating environment hook '/home/future/ros2_turtlecv/install/turtlecv_pubsub/share/turtlecv_pubsub/hook/ament_prefix_path.sh'
[0.591s] INFO:colcon.colcon_core.shell:Skip shell extension 'powershell' for command environment: Not usable outside of PowerShell
[0.591s] DEBUG:colcon.colcon_core.shell:Skip shell extension 'dsv' for command environment
[0.996s] INFO:colcon.colcon_core.task.python.build:Building Python package in '/home/future/ros2_turtlecv/src/turtlecv'
[0.997s] INFO:colcon.colcon_core.shell:Skip shell extension 'powershell' for command environment: Not usable outside of PowerShell
[0.997s] DEBUG:colcon.colcon_core.shell:Skip shell extension 'dsv' for command environment
[1.383s] INFO:colcon.colcon_core.task.python.build:Building Python package in '/home/future/ros2_turtlecv/src/turtlecv_pubsub'
[1.383s] INFO:colcon.colcon_core.shell:Skip shell extension 'powershell' for command environment: Not usable outside of PowerShell
[1.383s] DEBUG:colcon.colcon_core.shell:Skip shell extension 'dsv' for command environment
[1.979s] DEBUG:colcon.colcon_core.event_handler.log_command:Invoking command in '/home/future/ros2_turtlecv/build/turtlecv': PYTHONPATH=/home/future/ros2_turtlecv/build/turtlecv/prefix_override:/usr/lib/python3/dist-packages/colcon_core/task/python/colcon_distutils_commands:/home/future/ros2_turtlecv/install/turtlecv/lib/python3.10/site-packages:${PYTHONPATH} /usr/bin/python3 -W ignore:setup.py install is deprecated -W ignore:easy_install command is deprecated setup.py develop --uninstall --editable --build-directory /home/future/ros2_turtlecv/build/turtlecv/build
[1.985s] DEBUG:colcon.colcon_core.event_handler.log_command:Invoking command in '/home/future/ros2_turtlecv/build/turtlecv_pubsub': PYTHONPATH=/home/future/ros2_turtlecv/build/turtlecv_pubsub/prefix_override:/usr/lib/python3/dist-packages/colcon_core/task/python/colcon_distutils_commands:/home/future/ros2_turtlecv/install/turtlecv_pubsub/lib/python3.10/site-packages:${PYTHONPATH} /usr/bin/python3 -W ignore:setup.py install is deprecated -W ignore:easy_install command is deprecated setup.py develop --uninstall --editable --build-directory /home/future/ros2_turtlecv/build/turtlecv_pubsub/build
[2.705s] DEBUG:colcon.colcon_core.event_handler.log_command:Invoked command in '/home/future/ros2_turtlecv/build/turtlecv' returned '0': PYTHONPATH=/home/future/ros2_turtlecv/build/turtlecv/prefix_override:/usr/lib/python3/dist-packages/colcon_core/task/python/colcon_distutils_commands:/home/future/ros2_turtlecv/install/turtlecv/lib/python3.10/site-packages:${PYTHONPATH} /usr/bin/python3 -W ignore:setup.py install is deprecated -W ignore:easy_install command is deprecated setup.py develop --uninstall --editable --build-directory /home/future/ros2_turtlecv/build/turtlecv/build
[2.707s] DEBUG:colcon.colcon_core.event_handler.log_command:Invoking command in '/home/future/ros2_turtlecv/src/turtlecv': PYTHONPATH=/home/future/ros2_turtlecv/build/turtlecv/prefix_override:/usr/lib/python3/dist-packages/colcon_core/task/python/colcon_distutils_commands:/home/future/ros2_turtlecv/install/turtlecv/lib/python3.10/site-packages:${PYTHONPATH} /usr/bin/python3 -W ignore:setup.py install is deprecated -W ignore:easy_install command is deprecated setup.py egg_info --egg-base ../../build/turtlecv build --build-base /home/future/ros2_turtlecv/build/turtlecv/build install --record /home/future/ros2_turtlecv/build/turtlecv/install.log --single-version-externally-managed install_data --force
[2.718s] DEBUG:colcon.colcon_core.event_handler.log_command:Invoked command in '/home/future/ros2_turtlecv/build/turtlecv_pubsub' returned '0': PYTHONPATH=/home/future/ros2_turtlecv/build/turtlecv_pubsub/prefix_override:/usr/lib/python3/dist-packages/colcon_core/task/python/colcon_distutils_commands:/home/future/ros2_turtlecv/install/turtlecv_pubsub/lib/python3.10/site-packages:${PYTHONPATH} /usr/bin/python3 -W ignore:setup.py install is deprecated -W ignore:easy_install command is deprecated setup.py develop --uninstall --editable --build-directory /home/future/ros2_turtlecv/build/turtlecv_pubsub/build
[2.719s] DEBUG:colcon.colcon_core.event_handler.log_command:Invoking command in '/home/future/ros2_turtlecv/src/turtlecv_pubsub': PYTHONPATH=/home/future/ros2_turtlecv/build/turtlecv_pubsub/prefix_override:/usr/lib/python3/dist-packages/colcon_core/task/python/colcon_distutils_commands:/home/future/ros2_turtlecv/install/turtlecv_pubsub/lib/python3.10/site-packages:${PYTHONPATH} /usr/bin/python3 -W ignore:setup.py install is deprecated -W ignore:easy_install command is deprecated setup.py egg_info --egg-base ../../build/turtlecv_pubsub build --build-base /home/future/ros2_turtlecv/build/turtlecv_pubsub/build install --record /home/future/ros2_turtlecv/build/turtlecv_pubsub/install.log --single-version-externally-managed install_data --force
[3.185s] DEBUG:colcon.colcon_core.event_handler.log_command:Invoked command in '/home/future/ros2_turtlecv/src/turtlecv' returned '0': PYTHONPATH=/home/future/ros2_turtlecv/build/turtlecv/prefix_override:/usr/lib/python3/dist-packages/colcon_core/task/python/colcon_distutils_commands:/home/future/ros2_turtlecv/install/turtlecv/lib/python3.10/site-packages:${PYTHONPATH} /usr/bin/python3 -W ignore:setup.py install is deprecated -W ignore:easy_install command is deprecated setup.py egg_info --egg-base ../../build/turtlecv build --build-base /home/future/ros2_turtlecv/build/turtlecv/build install --record /home/future/ros2_turtlecv/build/turtlecv/install.log --single-version-externally-managed install_data --force
[3.190s] Level 1:colcon.colcon_core.environment:checking '/home/future/ros2_turtlecv/install/turtlecv' for CMake module files
[3.191s] Level 1:colcon.colcon_core.environment:checking '/home/future/ros2_turtlecv/install/turtlecv' for CMake config files
[3.192s] Level 1:colcon.colcon_core.environment:checking '/home/future/ros2_turtlecv/install/turtlecv/lib'
[3.193s] Level 1:colcon.colcon_core.environment:checking '/home/future/ros2_turtlecv/install/turtlecv/bin'
[3.193s] Level 1:colcon.colcon_core.environment:checking '/home/future/ros2_turtlecv/install/turtlecv/lib/pkgconfig/turtlecv.pc'
[3.193s] Level 1:colcon.colcon_core.environment:checking '/home/future/ros2_turtlecv/install/turtlecv/lib/python3.10/site-packages'
[3.193s] Level 1:colcon.colcon_core.shell:create_environment_hook('turtlecv', 'pythonpath')
[3.194s] INFO:colcon.colcon_core.shell:Creating environment hook '/home/future/ros2_turtlecv/install/turtlecv/share/turtlecv/hook/pythonpath.ps1'
[3.195s] INFO:colcon.colcon_core.shell:Creating environment descriptor '/home/future/ros2_turtlecv/install/turtlecv/share/turtlecv/hook/pythonpath.dsv'
[3.195s] INFO:colcon.colcon_core.shell:Creating environment hook '/home/future/ros2_turtlecv/install/turtlecv/share/turtlecv/hook/pythonpath.sh'
[3.197s] Level 1:colcon.colcon_core.environment:checking '/home/future/ros2_turtlecv/install/turtlecv/bin'
[3.197s] Level 1:colcon.colcon_core.environment:create_environment_scripts_only(turtlecv)
[3.198s] INFO:colcon.colcon_core.shell:Creating package script '/home/future/ros2_turtlecv/install/turtlecv/share/turtlecv/package.ps1'
[3.200s] INFO:colcon.colcon_core.shell:Creating package descriptor '/home/future/ros2_turtlecv/install/turtlecv/share/turtlecv/package.dsv'
[3.202s] INFO:colcon.colcon_core.shell:Creating package script '/home/future/ros2_turtlecv/install/turtlecv/share/turtlecv/package.sh'
[3.203s] INFO:colcon.colcon_core.shell:Creating package script '/home/future/ros2_turtlecv/install/turtlecv/share/turtlecv/package.bash'
[3.205s] INFO:colcon.colcon_core.shell:Creating package script '/home/future/ros2_turtlecv/install/turtlecv/share/turtlecv/package.zsh'
[3.207s] Level 1:colcon.colcon_core.environment:create_file_with_runtime_dependencies(/home/future/ros2_turtlecv/install/turtlecv/share/colcon-core/packages/turtlecv)
[3.220s] Level 1:colcon.colcon_core.environment:checking '/home/future/ros2_turtlecv/install/turtlecv_pubsub' for CMake module files
[3.222s] DEBUG:colcon.colcon_core.event_handler.log_command:Invoked command in '/home/future/ros2_turtlecv/src/turtlecv_pubsub' returned '0': PYTHONPATH=/home/future/ros2_turtlecv/build/turtlecv_pubsub/prefix_override:/usr/lib/python3/dist-packages/colcon_core/task/python/colcon_distutils_commands:/home/future/ros2_turtlecv/install/turtlecv_pubsub/lib/python3.10/site-packages:${PYTHONPATH} /usr/bin/python3 -W ignore:setup.py install is deprecated -W ignore:easy_install command is deprecated setup.py egg_info --egg-base ../../build/turtlecv_pubsub build --build-base /home/future/ros2_turtlecv/build/turtlecv_pubsub/build install --record /home/future/ros2_turtlecv/build/turtlecv_pubsub/install.log --single-version-externally-managed install_data --force
[3.222s] Level 1:colcon.colcon_core.environment:checking '/home/future/ros2_turtlecv/install/turtlecv_pubsub' for CMake config files
[3.223s] Level 1:colcon.colcon_core.environment:checking '/home/future/ros2_turtlecv/install/turtlecv_pubsub/lib'
[3.223s] Level 1:colcon.colcon_core.environment:checking '/home/future/ros2_turtlecv/install/turtlecv_pubsub/bin'
[3.223s] Level 1:colcon.colcon_core.environment:checking '/home/future/ros2_turtlecv/install/turtlecv_pubsub/lib/pkgconfig/turtlecv_pubsub.pc'
[3.224s] Level 1:colcon.colcon_core.environment:checking '/home/future/ros2_turtlecv/install/turtlecv_pubsub/lib/python3.10/site-packages'
[3.224s] Level 1:colcon.colcon_core.shell:create_environment_hook('turtlecv_pubsub', 'pythonpath')
[3.225s] INFO:colcon.colcon_core.shell:Creating environment hook '/home/future/ros2_turtlecv/install/turtlecv_pubsub/share/turtlecv_pubsub/hook/pythonpath.ps1'
[3.226s] INFO:colcon.colcon_core.shell:Creating environment descriptor '/home/future/ros2_turtlecv/install/turtlecv_pubsub/share/turtlecv_pubsub/hook/pythonpath.dsv'
[3.227s] INFO:colcon.colcon_core.shell:Creating environment hook '/home/future/ros2_turtlecv/install/turtlecv_pubsub/share/turtlecv_pubsub/hook/pythonpath.sh'
[3.229s] Level 1:colcon.colcon_core.environment:checking '/home/future/ros2_turtlecv/install/turtlecv_pubsub/bin'
[3.229s] Level 1:colcon.colcon_core.environment:create_environment_scripts_only(turtlecv_pubsub)
[3.230s] INFO:colcon.colcon_core.shell:Creating package script '/home/future/ros2_turtlecv/install/turtlecv_pubsub/share/turtlecv_pubsub/package.ps1'
[3.232s] INFO:colcon.colcon_core.shell:Creating package descriptor '/home/future/ros2_turtlecv/install/turtlecv_pubsub/share/turtlecv_pubsub/package.dsv'
[3.233s] INFO:colcon.colcon_core.shell:Creating package script '/home/future/ros2_turtlecv/install/turtlecv_pubsub/share/turtlecv_pubsub/package.sh'
[3.234s] INFO:colcon.colcon_core.shell:Creating package script '/home/future/ros2_turtlecv/install/turtlecv_pubsub/share/turtlecv_pubsub/package.bash'
[3.235s] INFO:colcon.colcon_core.shell:Creating package script '/home/future/ros2_turtlecv/install/turtlecv_pubsub/share/turtlecv_pubsub/package.zsh'
[3.237s] Level 1:colcon.colcon_core.environment:create_file_with_runtime_dependencies(/home/future/ros2_turtlecv/install/turtlecv_pubsub/share/colcon-core/packages/turtlecv_pubsub)
[3.238s] DEBUG:colcon.colcon_parallel_executor.executor.parallel:closing loop
[3.239s] DEBUG:colcon.colcon_parallel_executor.executor.parallel:loop closed
[3.239s] DEBUG:colcon.colcon_parallel_executor.executor.parallel:run_until_complete finished with '0'
[3.240s] DEBUG:colcon.colcon_core.event_reactor:joining thread
[3.257s] INFO:colcon.colcon_core.plugin_system:Skipping extension 'colcon_notification.desktop_notification.terminal_notifier': Not used on non-Darwin systems
[3.257s] INFO:colcon.colcon_core.plugin_system:Skipping extension 'colcon_notification.desktop_notification.win32': Not used on non-Windows systems
[3.257s] INFO:colcon.colcon_notification.desktop_notification:Sending desktop notification using 'notify2'
[3.293s] DEBUG:colcon.colcon_core.event_reactor:joined thread
[3.294s] INFO:colcon.colcon_core.shell:Creating prefix script '/home/future/ros2_turtlecv/install/local_setup.ps1'
[3.297s] INFO:colcon.colcon_core.shell:Creating prefix util module '/home/future/ros2_turtlecv/install/_local_setup_util_ps1.py'
[3.299s] INFO:colcon.colcon_core.shell:Creating prefix chain script '/home/future/ros2_turtlecv/install/setup.ps1'
[3.302s] INFO:colcon.colcon_core.shell:Creating prefix script '/home/future/ros2_turtlecv/install/local_setup.sh'
[3.303s] INFO:colcon.colcon_core.shell:Creating prefix util module '/home/future/ros2_turtlecv/install/_local_setup_util_sh.py'
[3.308s] INFO:colcon.colcon_core.shell:Creating prefix chain script '/home/future/ros2_turtlecv/install/setup.sh'
[3.313s] INFO:colcon.colcon_core.shell:Creating prefix script '/home/future/ros2_turtlecv/install/local_setup.bash'
[3.316s] INFO:colcon.colcon_core.shell:Creating prefix chain script '/home/future/ros2_turtlecv/install/setup.bash'
[3.319s] INFO:colcon.colcon_core.shell:Creating prefix script '/home/future/ros2_turtlecv/install/local_setup.zsh'
[3.320s] INFO:colcon.colcon_core.shell:Creating prefix chain script '/home/future/ros2_turtlecv/install/setup.zsh'
