running develop
running egg_info
creating turtlecv.egg-info
writing turtlecv.egg-info/PKG-INFO
writing dependency_links to turtlecv.egg-info/dependency_links.txt
writing entry points to turtlecv.egg-info/entry_points.txt
writing requirements to turtlecv.egg-info/requires.txt
writing top-level names to turtlecv.egg-info/top_level.txt
writing manifest file 'turtlecv.egg-info/SOURCES.txt'
reading manifest file 'turtlecv.egg-info/SOURCES.txt'
writing manifest file 'turtlecv.egg-info/SOURCES.txt'
running build_ext
Creating /home/future/ros2_turtlecv/install/turtlecv/lib/python3.10/site-packages/turtlecv.egg-link (link to .)
Installing opencv script to /home/future/ros2_turtlecv/install/turtlecv/lib/turtlecv
Installing pink_detector script to /home/future/ros2_turtlecv/install/turtlecv/lib/turtlecv
Installing turtlecv script to /home/future/ros2_turtlecv/install/turtlecv/lib/turtlecv

Installed /home/future/ros2_turtlecv/build/turtlecv
running symlink_data
creating /home/future/ros2_turtlecv/install/turtlecv/share/ament_index
creating /home/future/ros2_turtlecv/install/turtlecv/share/ament_index/resource_index
creating /home/future/ros2_turtlecv/install/turtlecv/share/ament_index/resource_index/packages
symbolically linking /home/future/ros2_turtlecv/build/turtlecv/resource/turtlecv -> /home/future/ros2_turtlecv/install/turtlecv/share/ament_index/resource_index/packages
symbolically linking /home/future/ros2_turtlecv/build/turtlecv/package.xml -> /home/future/ros2_turtlecv/install/turtlecv/share/turtlecv
