[1.966s] Invoking command in '/home/future/ros2_turtlecv/build/turtlecv': PYTHONPATH=/home/future/ros2_turtlecv/build/turtlecv/prefix_override:/usr/lib/python3/dist-packages/colcon_core/task/python/colcon_distutils_commands:/home/future/ros2_turtlecv/install/turtlecv/lib/python3.10/site-packages:${PYTHONPATH} /usr/bin/python3 -W ignore:setup.py install is deprecated -W ignore:easy_install command is deprecated setup.py develop --editable --build-directory /home/future/ros2_turtlecv/build/turtlecv/build --no-deps symlink_data
[3.009s] running develop
[3.355s] running egg_info
[3.356s] creating turtlecv.egg-info
[3.358s] writing turtlecv.egg-info/PKG-INFO
[3.359s] writing dependency_links to turtlecv.egg-info/dependency_links.txt
[3.360s] writing entry points to turtlecv.egg-info/entry_points.txt
[3.360s] writing requirements to turtlecv.egg-info/requires.txt
[3.361s] writing top-level names to turtlecv.egg-info/top_level.txt
[3.362s] writing manifest file 'turtlecv.egg-info/SOURCES.txt'
[3.365s] reading manifest file 'turtlecv.egg-info/SOURCES.txt'
[3.365s] writing manifest file 'turtlecv.egg-info/SOURCES.txt'
[3.365s] running build_ext
[3.365s] Creating /home/future/ros2_turtlecv/install/turtlecv/lib/python3.10/site-packages/turtlecv.egg-link (link to .)
[3.366s] Installing opencv script to /home/future/ros2_turtlecv/install/turtlecv/lib/turtlecv
[3.366s] Installing pink_detector script to /home/future/ros2_turtlecv/install/turtlecv/lib/turtlecv
[3.366s] Installing turtlecv script to /home/future/ros2_turtlecv/install/turtlecv/lib/turtlecv
[3.366s] 
[3.366s] Installed /home/future/ros2_turtlecv/build/turtlecv
[3.366s] running symlink_data
[3.367s] creating /home/future/ros2_turtlecv/install/turtlecv/share/ament_index
[3.367s] creating /home/future/ros2_turtlecv/install/turtlecv/share/ament_index/resource_index
[3.367s] creating /home/future/ros2_turtlecv/install/turtlecv/share/ament_index/resource_index/packages
[3.367s] symbolically linking /home/future/ros2_turtlecv/build/turtlecv/resource/turtlecv -> /home/future/ros2_turtlecv/install/turtlecv/share/ament_index/resource_index/packages
[3.367s] symbolically linking /home/future/ros2_turtlecv/build/turtlecv/package.xml -> /home/future/ros2_turtlecv/install/turtlecv/share/turtlecv
[3.439s] Invoked command in '/home/future/ros2_turtlecv/build/turtlecv' returned '0': PYTHONPATH=/home/future/ros2_turtlecv/build/turtlecv/prefix_override:/usr/lib/python3/dist-packages/colcon_core/task/python/colcon_distutils_commands:/home/future/ros2_turtlecv/install/turtlecv/lib/python3.10/site-packages:${PYTHONPATH} /usr/bin/python3 -W ignore:setup.py install is deprecated -W ignore:easy_install command is deprecated setup.py develop --editable --build-directory /home/future/ros2_turtlecv/build/turtlecv/build --no-deps symlink_data
