running develop
Removing /home/future/ros2_turtlecv/install/turtlecv/lib/python3.10/site-packages/turtlecv.egg-link (link to .)
running egg_info
writing ../../build/turtlecv/turtlecv.egg-info/PKG-INFO
writing dependency_links to ../../build/turtlecv/turtlecv.egg-info/dependency_links.txt
writing entry points to ../../build/turtlecv/turtlecv.egg-info/entry_points.txt
writing requirements to ../../build/turtlecv/turtlecv.egg-info/requires.txt
writing top-level names to ../../build/turtlecv/turtlecv.egg-info/top_level.txt
reading manifest file '../../build/turtlecv/turtlecv.egg-info/SOURCES.txt'
writing manifest file '../../build/turtlecv/turtlecv.egg-info/SOURCES.txt'
running build
running build_py
creating /home/future/ros2_turtlecv/build/turtlecv/build
creating /home/future/ros2_turtlecv/build/turtlecv/build/lib
creating /home/future/ros2_turtlecv/build/turtlecv/build/lib/turtlecv
copying turtlecv/__init__.py -> /home/future/ros2_turtlecv/build/turtlecv/build/lib/turtlecv
copying turtlecv/opencv.py -> /home/future/ros2_turtlecv/build/turtlecv/build/lib/turtlecv
running install
running install_lib
creating /home/future/ros2_turtlecv/install/turtlecv/lib/python3.10/site-packages/turtlecv
copying /home/future/ros2_turtlecv/build/turtlecv/build/lib/turtlecv/__init__.py -> /home/future/ros2_turtlecv/install/turtlecv/lib/python3.10/site-packages/turtlecv
copying /home/future/ros2_turtlecv/build/turtlecv/build/lib/turtlecv/opencv.py -> /home/future/ros2_turtlecv/install/turtlecv/lib/python3.10/site-packages/turtlecv
byte-compiling /home/future/ros2_turtlecv/install/turtlecv/lib/python3.10/site-packages/turtlecv/__init__.py to __init__.cpython-310.pyc
byte-compiling /home/future/ros2_turtlecv/install/turtlecv/lib/python3.10/site-packages/turtlecv/opencv.py to opencv.cpython-310.pyc
running install_data
copying resource/turtlecv -> /home/future/ros2_turtlecv/install/turtlecv/share/ament_index/resource_index/packages
copying package.xml -> /home/future/ros2_turtlecv/install/turtlecv/share/turtlecv
running install_egg_info
Copying ../../build/turtlecv/turtlecv.egg-info to /home/future/ros2_turtlecv/install/turtlecv/lib/python3.10/site-packages/turtlecv-0.0.0-py3.10.egg-info
running install_scripts
Installing opencv script to /home/future/ros2_turtlecv/install/turtlecv/lib/turtlecv
Installing pink_detector script to /home/future/ros2_turtlecv/install/turtlecv/lib/turtlecv
Installing turtlecv script to /home/future/ros2_turtlecv/install/turtlecv/lib/turtlecv
writing list of installed files to '/home/future/ros2_turtlecv/build/turtlecv/install.log'
